{"C:\\Users\\Ariam\\OneDrive\\Documents\\1.0-University-of-Pennsylvania\\CIS-350\\project-communitymap\\server.js": {"path":"C:\\Users\\Ariam\\OneDrive\\Documents\\1.0-University-of-Pennsylvania\\CIS-350\\project-communitymap\\server.js","statementMap":{"0":{"start":{"line":1,"column":16},"end":{"line":1,"column":34}},"1":{"start":{"line":2,"column":13},"end":{"line":2,"column":28}},"2":{"start":{"line":3,"column":12},"end":{"line":3,"column":35}},"3":{"start":{"line":4,"column":12},"end":{"line":4,"column":45}},"4":{"start":{"line":9,"column":12},"end":{"line":9,"column":104}},"5":{"start":{"line":11,"column":15},"end":{"line":11,"column":24}},"6":{"start":{"line":13,"column":0},"end":{"line":13,"column":27}},"7":{"start":{"line":14,"column":0},"end":{"line":16,"column":4}},"8":{"start":{"line":18,"column":0},"end":{"line":21,"column":4}},"9":{"start":{"line":24,"column":0},"end":{"line":28,"column":3}},"10":{"start":{"line":25,"column":2},"end":{"line":25,"column":69}},"11":{"start":{"line":26,"column":2},"end":{"line":26,"column":95}},"12":{"start":{"line":27,"column":2},"end":{"line":27,"column":9}},"13":{"start":{"line":31,"column":12},"end":{"line":31,"column":21}},"14":{"start":{"line":33,"column":15},"end":{"line":33,"column":17}},"15":{"start":{"line":35,"column":0},"end":{"line":50,"column":3}},"16":{"start":{"line":37,"column":4},"end":{"line":40,"column":5}},"17":{"start":{"line":38,"column":8},"end":{"line":38,"column":59}},"18":{"start":{"line":39,"column":8},"end":{"line":39,"column":15}},"19":{"start":{"line":42,"column":21},"end":{"line":42,"column":38}},"20":{"start":{"line":44,"column":22},"end":{"line":46,"column":50}},"21":{"start":{"line":48,"column":4},"end":{"line":48,"column":24}},"22":{"start":{"line":49,"column":4},"end":{"line":49,"column":46}},"23":{"start":{"line":53,"column":0},"end":{"line":74,"column":3}},"24":{"start":{"line":55,"column":4},"end":{"line":58,"column":5}},"25":{"start":{"line":56,"column":8},"end":{"line":56,"column":56}},"26":{"start":{"line":57,"column":8},"end":{"line":57,"column":15}},"27":{"start":{"line":60,"column":22},"end":{"line":60,"column":36}},"28":{"start":{"line":63,"column":4},"end":{"line":73,"column":6}},"29":{"start":{"line":64,"column":8},"end":{"line":71,"column":9}},"30":{"start":{"line":67,"column":12},"end":{"line":70,"column":13}},"31":{"start":{"line":68,"column":16},"end":{"line":68,"column":66}},"32":{"start":{"line":69,"column":16},"end":{"line":69,"column":23}},"33":{"start":{"line":72,"column":8},"end":{"line":72,"column":46}},"34":{"start":{"line":76,"column":0},"end":{"line":81,"column":3}},"35":{"start":{"line":77,"column":4},"end":{"line":77,"column":32}},"36":{"start":{"line":78,"column":5},"end":{"line":80,"column":7}},"37":{"start":{"line":83,"column":0},"end":{"line":85,"column":3}},"38":{"start":{"line":84,"column":4},"end":{"line":84,"column":34}},"39":{"start":{"line":87,"column":0},"end":{"line":99,"column":3}},"40":{"start":{"line":88,"column":4},"end":{"line":91,"column":5}},"41":{"start":{"line":89,"column":8},"end":{"line":89,"column":67}},"42":{"start":{"line":90,"column":8},"end":{"line":90,"column":15}},"43":{"start":{"line":92,"column":4},"end":{"line":96,"column":7}},"44":{"start":{"line":97,"column":4},"end":{"line":97,"column":43}},"45":{"start":{"line":102,"column":0},"end":{"line":104,"column":3}},"46":{"start":{"line":103,"column":2},"end":{"line":103,"column":32}},"47":{"start":{"line":108,"column":0},"end":{"line":123,"column":3}},"48":{"start":{"line":109,"column":2},"end":{"line":122,"column":3}},"49":{"start":{"line":110,"column":4},"end":{"line":110,"column":61}},"50":{"start":{"line":114,"column":4},"end":{"line":121,"column":5}},"51":{"start":{"line":115,"column":6},"end":{"line":117,"column":48}},"52":{"start":{"line":118,"column":6},"end":{"line":118,"column":66}},"53":{"start":{"line":120,"column":6},"end":{"line":120,"column":58}},"54":{"start":{"line":126,"column":0},"end":{"line":133,"column":3}},"55":{"start":{"line":127,"column":2},"end":{"line":132,"column":3}},"56":{"start":{"line":128,"column":20},"end":{"line":128,"column":59}},"57":{"start":{"line":129,"column":4},"end":{"line":129,"column":43}},"58":{"start":{"line":131,"column":4},"end":{"line":131,"column":56}},"59":{"start":{"line":136,"column":0},"end":{"line":151,"column":3}},"60":{"start":{"line":139,"column":2},"end":{"line":150,"column":3}},"61":{"start":{"line":140,"column":4},"end":{"line":140,"column":61}},"62":{"start":{"line":141,"column":9},"end":{"line":150,"column":3}},"63":{"start":{"line":142,"column":4},"end":{"line":142,"column":63}},"64":{"start":{"line":144,"column":4},"end":{"line":149,"column":5}},"65":{"start":{"line":145,"column":6},"end":{"line":145,"column":49}},"66":{"start":{"line":146,"column":6},"end":{"line":146,"column":60}},"67":{"start":{"line":148,"column":6},"end":{"line":148,"column":58}},"68":{"start":{"line":155,"column":0},"end":{"line":171,"column":3}},"69":{"start":{"line":157,"column":2},"end":{"line":157,"column":25}},"70":{"start":{"line":158,"column":2},"end":{"line":158,"column":32}},"71":{"start":{"line":159,"column":2},"end":{"line":170,"column":3}},"72":{"start":{"line":160,"column":4},"end":{"line":160,"column":76}},"73":{"start":{"line":162,"column":4},"end":{"line":169,"column":5}},"74":{"start":{"line":163,"column":6},"end":{"line":165,"column":60}},"75":{"start":{"line":166,"column":6},"end":{"line":166,"column":64}},"76":{"start":{"line":168,"column":6},"end":{"line":168,"column":58}},"77":{"start":{"line":174,"column":0},"end":{"line":191,"column":3}},"78":{"start":{"line":176,"column":2},"end":{"line":190,"column":3}},"79":{"start":{"line":177,"column":4},"end":{"line":182,"column":5}},"80":{"start":{"line":178,"column":22},"end":{"line":178,"column":48}},"81":{"start":{"line":179,"column":6},"end":{"line":179,"column":47}},"82":{"start":{"line":181,"column":6},"end":{"line":181,"column":58}},"83":{"start":{"line":184,"column":4},"end":{"line":189,"column":5}},"84":{"start":{"line":185,"column":22},"end":{"line":185,"column":68}},"85":{"start":{"line":186,"column":6},"end":{"line":186,"column":47}},"86":{"start":{"line":188,"column":6},"end":{"line":188,"column":58}},"87":{"start":{"line":193,"column":0},"end":{"line":201,"column":3}},"88":{"start":{"line":194,"column":2},"end":{"line":200,"column":3}},"89":{"start":{"line":195,"column":4},"end":{"line":195,"column":60}},"90":{"start":{"line":196,"column":20},"end":{"line":196,"column":63}},"91":{"start":{"line":197,"column":4},"end":{"line":197,"column":44}},"92":{"start":{"line":199,"column":4},"end":{"line":199,"column":56}},"93":{"start":{"line":203,"column":0},"end":{"line":212,"column":3}},"94":{"start":{"line":204,"column":2},"end":{"line":204,"column":35}},"95":{"start":{"line":205,"column":2},"end":{"line":211,"column":3}},"96":{"start":{"line":206,"column":4},"end":{"line":206,"column":78}},"97":{"start":{"line":207,"column":4},"end":{"line":207,"column":67}},"98":{"start":{"line":208,"column":4},"end":{"line":208,"column":60}},"99":{"start":{"line":210,"column":4},"end":{"line":210,"column":54}},"100":{"start":{"line":234,"column":0},"end":{"line":248,"column":3}},"101":{"start":{"line":236,"column":2},"end":{"line":247,"column":3}},"102":{"start":{"line":237,"column":4},"end":{"line":237,"column":61}},"103":{"start":{"line":238,"column":9},"end":{"line":247,"column":3}},"104":{"start":{"line":239,"column":4},"end":{"line":239,"column":61}},"105":{"start":{"line":241,"column":4},"end":{"line":246,"column":5}},"106":{"start":{"line":242,"column":6},"end":{"line":242,"column":50}},"107":{"start":{"line":243,"column":6},"end":{"line":243,"column":58}},"108":{"start":{"line":245,"column":6},"end":{"line":245,"column":58}},"109":{"start":{"line":251,"column":0},"end":{"line":299,"column":3}},"110":{"start":{"line":255,"column":2},"end":{"line":262,"column":3}},"111":{"start":{"line":256,"column":4},"end":{"line":261,"column":5}},"112":{"start":{"line":257,"column":6},"end":{"line":257,"column":91}},"113":{"start":{"line":258,"column":6},"end":{"line":258,"column":68}},"114":{"start":{"line":260,"column":6},"end":{"line":260,"column":58}},"115":{"start":{"line":264,"column":2},"end":{"line":271,"column":3}},"116":{"start":{"line":265,"column":4},"end":{"line":270,"column":5}},"117":{"start":{"line":266,"column":6},"end":{"line":266,"column":100}},"118":{"start":{"line":267,"column":6},"end":{"line":267,"column":68}},"119":{"start":{"line":269,"column":6},"end":{"line":269,"column":58}},"120":{"start":{"line":273,"column":2},"end":{"line":280,"column":3}},"121":{"start":{"line":274,"column":4},"end":{"line":279,"column":5}},"122":{"start":{"line":275,"column":6},"end":{"line":275,"column":79}},"123":{"start":{"line":276,"column":6},"end":{"line":276,"column":64}},"124":{"start":{"line":278,"column":6},"end":{"line":278,"column":58}},"125":{"start":{"line":282,"column":2},"end":{"line":289,"column":3}},"126":{"start":{"line":283,"column":4},"end":{"line":288,"column":5}},"127":{"start":{"line":284,"column":6},"end":{"line":284,"column":79}},"128":{"start":{"line":285,"column":6},"end":{"line":285,"column":64}},"129":{"start":{"line":287,"column":6},"end":{"line":287,"column":58}},"130":{"start":{"line":291,"column":2},"end":{"line":298,"column":3}},"131":{"start":{"line":292,"column":4},"end":{"line":297,"column":5}},"132":{"start":{"line":293,"column":6},"end":{"line":293,"column":85}},"133":{"start":{"line":294,"column":6},"end":{"line":294,"column":65}},"134":{"start":{"line":296,"column":6},"end":{"line":296,"column":58}},"135":{"start":{"line":302,"column":0},"end":{"line":344,"column":3}},"136":{"start":{"line":306,"column":2},"end":{"line":306,"column":27}},"137":{"start":{"line":307,"column":2},"end":{"line":307,"column":35}},"138":{"start":{"line":308,"column":2},"end":{"line":308,"column":35}},"139":{"start":{"line":309,"column":2},"end":{"line":316,"column":3}},"140":{"start":{"line":310,"column":4},"end":{"line":315,"column":5}},"141":{"start":{"line":311,"column":6},"end":{"line":311,"column":86}},"142":{"start":{"line":312,"column":6},"end":{"line":312,"column":66}},"143":{"start":{"line":314,"column":6},"end":{"line":314,"column":58}},"144":{"start":{"line":318,"column":2},"end":{"line":325,"column":3}},"145":{"start":{"line":319,"column":4},"end":{"line":324,"column":5}},"146":{"start":{"line":320,"column":6},"end":{"line":320,"column":95}},"147":{"start":{"line":321,"column":6},"end":{"line":321,"column":70}},"148":{"start":{"line":323,"column":6},"end":{"line":323,"column":58}},"149":{"start":{"line":327,"column":2},"end":{"line":334,"column":3}},"150":{"start":{"line":328,"column":4},"end":{"line":333,"column":5}},"151":{"start":{"line":329,"column":6},"end":{"line":329,"column":80}},"152":{"start":{"line":330,"column":6},"end":{"line":330,"column":64}},"153":{"start":{"line":332,"column":6},"end":{"line":332,"column":58}},"154":{"start":{"line":336,"column":2},"end":{"line":343,"column":3}},"155":{"start":{"line":337,"column":4},"end":{"line":342,"column":5}},"156":{"start":{"line":338,"column":6},"end":{"line":338,"column":103}},"157":{"start":{"line":339,"column":6},"end":{"line":339,"column":64}},"158":{"start":{"line":341,"column":6},"end":{"line":341,"column":58}},"159":{"start":{"line":347,"column":0},"end":{"line":349,"column":3}},"160":{"start":{"line":348,"column":2},"end":{"line":348,"column":18}},"161":{"start":{"line":351,"column":13},"end":{"line":351,"column":17}},"162":{"start":{"line":353,"column":0},"end":{"line":356,"column":3}},"163":{"start":{"line":354,"column":2},"end":{"line":354,"column":30}},"164":{"start":{"line":355,"column":2},"end":{"line":355,"column":49}},"165":{"start":{"line":358,"column":0},"end":{"line":358,"column":24}}},"fnMap":{"0":{"name":"(anonymous_0)","decl":{"start":{"line":24,"column":11},"end":{"line":24,"column":12}},"loc":{"start":{"line":24,"column":36},"end":{"line":28,"column":1}},"line":24},"1":{"name":"(anonymous_1)","decl":{"start":{"line":35,"column":22},"end":{"line":35,"column":23}},"loc":{"start":{"line":35,"column":37},"end":{"line":50,"column":1}},"line":35},"2":{"name":"(anonymous_2)","decl":{"start":{"line":53,"column":24},"end":{"line":53,"column":25}},"loc":{"start":{"line":53,"column":39},"end":{"line":74,"column":1}},"line":53},"3":{"name":"(anonymous_3)","decl":{"start":{"line":63,"column":50},"end":{"line":63,"column":51}},"loc":{"start":{"line":63,"column":65},"end":{"line":73,"column":5}},"line":63},"4":{"name":"(anonymous_4)","decl":{"start":{"line":76,"column":21},"end":{"line":76,"column":22}},"loc":{"start":{"line":76,"column":35},"end":{"line":81,"column":1}},"line":76},"5":{"name":"(anonymous_5)","decl":{"start":{"line":83,"column":24},"end":{"line":83,"column":25}},"loc":{"start":{"line":83,"column":42},"end":{"line":85,"column":1}},"line":83},"6":{"name":"(anonymous_6)","decl":{"start":{"line":87,"column":25},"end":{"line":87,"column":26}},"loc":{"start":{"line":87,"column":42},"end":{"line":99,"column":1}},"line":87},"7":{"name":"(anonymous_7)","decl":{"start":{"line":102,"column":16},"end":{"line":102,"column":17}},"loc":{"start":{"line":102,"column":30},"end":{"line":104,"column":1}},"line":102},"8":{"name":"(anonymous_8)","decl":{"start":{"line":108,"column":25},"end":{"line":108,"column":26}},"loc":{"start":{"line":108,"column":47},"end":{"line":123,"column":1}},"line":108},"9":{"name":"(anonymous_9)","decl":{"start":{"line":126,"column":30},"end":{"line":126,"column":31}},"loc":{"start":{"line":126,"column":52},"end":{"line":133,"column":1}},"line":126},"10":{"name":"(anonymous_10)","decl":{"start":{"line":136,"column":33},"end":{"line":136,"column":34}},"loc":{"start":{"line":136,"column":55},"end":{"line":151,"column":1}},"line":136},"11":{"name":"(anonymous_11)","decl":{"start":{"line":155,"column":23},"end":{"line":155,"column":24}},"loc":{"start":{"line":155,"column":45},"end":{"line":171,"column":1}},"line":155},"12":{"name":"(anonymous_12)","decl":{"start":{"line":174,"column":22},"end":{"line":174,"column":23}},"loc":{"start":{"line":174,"column":44},"end":{"line":191,"column":1}},"line":174},"13":{"name":"(anonymous_13)","decl":{"start":{"line":193,"column":31},"end":{"line":193,"column":32}},"loc":{"start":{"line":193,"column":52},"end":{"line":201,"column":1}},"line":193},"14":{"name":"(anonymous_14)","decl":{"start":{"line":203,"column":23},"end":{"line":203,"column":24}},"loc":{"start":{"line":203,"column":45},"end":{"line":212,"column":1}},"line":203},"15":{"name":"(anonymous_15)","decl":{"start":{"line":234,"column":31},"end":{"line":234,"column":32}},"loc":{"start":{"line":234,"column":53},"end":{"line":248,"column":1}},"line":234},"16":{"name":"(anonymous_16)","decl":{"start":{"line":251,"column":22},"end":{"line":251,"column":23}},"loc":{"start":{"line":251,"column":44},"end":{"line":299,"column":1}},"line":251},"17":{"name":"(anonymous_17)","decl":{"start":{"line":302,"column":24},"end":{"line":302,"column":25}},"loc":{"start":{"line":302,"column":46},"end":{"line":344,"column":1}},"line":302},"18":{"name":"(anonymous_18)","decl":{"start":{"line":347,"column":11},"end":{"line":347,"column":12}},"loc":{"start":{"line":347,"column":26},"end":{"line":349,"column":1}},"line":347},"19":{"name":"(anonymous_19)","decl":{"start":{"line":353,"column":20},"end":{"line":353,"column":21}},"loc":{"start":{"line":353,"column":32},"end":{"line":356,"column":1}},"line":353}},"branchMap":{"0":{"loc":{"start":{"line":37,"column":4},"end":{"line":40,"column":5}},"type":"if","locations":[{"start":{"line":37,"column":4},"end":{"line":40,"column":5}},{"start":{},"end":{}}],"line":37},"1":{"loc":{"start":{"line":37,"column":7},"end":{"line":37,"column":59}},"type":"binary-expr","locations":[{"start":{"line":37,"column":7},"end":{"line":37,"column":25}},{"start":{"line":37,"column":29},"end":{"line":37,"column":59}}],"line":37},"2":{"loc":{"start":{"line":55,"column":4},"end":{"line":58,"column":5}},"type":"if","locations":[{"start":{"line":55,"column":4},"end":{"line":58,"column":5}},{"start":{},"end":{}}],"line":55},"3":{"loc":{"start":{"line":55,"column":7},"end":{"line":55,"column":53}},"type":"binary-expr","locations":[{"start":{"line":55,"column":7},"end":{"line":55,"column":22}},{"start":{"line":55,"column":26},"end":{"line":55,"column":53}}],"line":55},"4":{"loc":{"start":{"line":64,"column":8},"end":{"line":71,"column":9}},"type":"if","locations":[{"start":{"line":64,"column":8},"end":{"line":71,"column":9}},{"start":{},"end":{}}],"line":64},"5":{"loc":{"start":{"line":67,"column":12},"end":{"line":70,"column":13}},"type":"if","locations":[{"start":{"line":67,"column":12},"end":{"line":70,"column":13}},{"start":{},"end":{}}],"line":67},"6":{"loc":{"start":{"line":88,"column":4},"end":{"line":91,"column":5}},"type":"if","locations":[{"start":{"line":88,"column":4},"end":{"line":91,"column":5}},{"start":{},"end":{}}],"line":88},"7":{"loc":{"start":{"line":88,"column":7},"end":{"line":88,"column":58}},"type":"binary-expr","locations":[{"start":{"line":88,"column":7},"end":{"line":88,"column":21}},{"start":{"line":88,"column":25},"end":{"line":88,"column":37}},{"start":{"line":88,"column":41},"end":{"line":88,"column":58}}],"line":88},"8":{"loc":{"start":{"line":109,"column":2},"end":{"line":122,"column":3}},"type":"if","locations":[{"start":{"line":109,"column":2},"end":{"line":122,"column":3}},{"start":{"line":113,"column":9},"end":{"line":122,"column":3}}],"line":109},"9":{"loc":{"start":{"line":109,"column":6},"end":{"line":109,"column":60}},"type":"binary-expr","locations":[{"start":{"line":109,"column":6},"end":{"line":109,"column":25}},{"start":{"line":109,"column":29},"end":{"line":109,"column":60}}],"line":109},"10":{"loc":{"start":{"line":139,"column":2},"end":{"line":150,"column":3}},"type":"if","locations":[{"start":{"line":139,"column":2},"end":{"line":150,"column":3}},{"start":{"line":141,"column":9},"end":{"line":150,"column":3}}],"line":139},"11":{"loc":{"start":{"line":139,"column":6},"end":{"line":139,"column":56}},"type":"binary-expr","locations":[{"start":{"line":139,"column":6},"end":{"line":139,"column":23}},{"start":{"line":139,"column":27},"end":{"line":139,"column":56}}],"line":139},"12":{"loc":{"start":{"line":141,"column":9},"end":{"line":150,"column":3}},"type":"if","locations":[{"start":{"line":141,"column":9},"end":{"line":150,"column":3}},{"start":{"line":143,"column":9},"end":{"line":150,"column":3}}],"line":141},"13":{"loc":{"start":{"line":159,"column":2},"end":{"line":170,"column":3}},"type":"if","locations":[{"start":{"line":159,"column":2},"end":{"line":170,"column":3}},{"start":{"line":161,"column":9},"end":{"line":170,"column":3}}],"line":159},"14":{"loc":{"start":{"line":176,"column":2},"end":{"line":190,"column":3}},"type":"if","locations":[{"start":{"line":176,"column":2},"end":{"line":190,"column":3}},{"start":{"line":183,"column":9},"end":{"line":190,"column":3}}],"line":176},"15":{"loc":{"start":{"line":236,"column":2},"end":{"line":247,"column":3}},"type":"if","locations":[{"start":{"line":236,"column":2},"end":{"line":247,"column":3}},{"start":{"line":238,"column":9},"end":{"line":247,"column":3}}],"line":236},"16":{"loc":{"start":{"line":236,"column":6},"end":{"line":236,"column":56}},"type":"binary-expr","locations":[{"start":{"line":236,"column":6},"end":{"line":236,"column":23}},{"start":{"line":236,"column":27},"end":{"line":236,"column":56}}],"line":236},"17":{"loc":{"start":{"line":238,"column":9},"end":{"line":247,"column":3}},"type":"if","locations":[{"start":{"line":238,"column":9},"end":{"line":247,"column":3}},{"start":{"line":240,"column":9},"end":{"line":247,"column":3}}],"line":238},"18":{"loc":{"start":{"line":255,"column":2},"end":{"line":262,"column":3}},"type":"if","locations":[{"start":{"line":255,"column":2},"end":{"line":262,"column":3}},{"start":{},"end":{}}],"line":255},"19":{"loc":{"start":{"line":264,"column":2},"end":{"line":271,"column":3}},"type":"if","locations":[{"start":{"line":264,"column":2},"end":{"line":271,"column":3}},{"start":{},"end":{}}],"line":264},"20":{"loc":{"start":{"line":273,"column":2},"end":{"line":280,"column":3}},"type":"if","locations":[{"start":{"line":273,"column":2},"end":{"line":280,"column":3}},{"start":{},"end":{}}],"line":273},"21":{"loc":{"start":{"line":282,"column":2},"end":{"line":289,"column":3}},"type":"if","locations":[{"start":{"line":282,"column":2},"end":{"line":289,"column":3}},{"start":{},"end":{}}],"line":282},"22":{"loc":{"start":{"line":291,"column":2},"end":{"line":298,"column":3}},"type":"if","locations":[{"start":{"line":291,"column":2},"end":{"line":298,"column":3}},{"start":{},"end":{}}],"line":291},"23":{"loc":{"start":{"line":309,"column":2},"end":{"line":316,"column":3}},"type":"if","locations":[{"start":{"line":309,"column":2},"end":{"line":316,"column":3}},{"start":{},"end":{}}],"line":309},"24":{"loc":{"start":{"line":318,"column":2},"end":{"line":325,"column":3}},"type":"if","locations":[{"start":{"line":318,"column":2},"end":{"line":325,"column":3}},{"start":{},"end":{}}],"line":318},"25":{"loc":{"start":{"line":327,"column":2},"end":{"line":334,"column":3}},"type":"if","locations":[{"start":{"line":327,"column":2},"end":{"line":334,"column":3}},{"start":{},"end":{}}],"line":327},"26":{"loc":{"start":{"line":336,"column":2},"end":{"line":343,"column":3}},"type":"if","locations":[{"start":{"line":336,"column":2},"end":{"line":343,"column":3}},{"start":{},"end":{}}],"line":336}},"s":{"0":1,"1":1,"2":1,"3":1,"4":1,"5":1,"6":1,"7":1,"8":1,"9":1,"10":12,"11":12,"12":12,"13":1,"14":1,"15":1,"16":0,"17":0,"18":0,"19":0,"20":0,"21":0,"22":0,"23":1,"24":0,"25":0,"26":0,"27":0,"28":0,"29":0,"30":0,"31":0,"32":0,"33":0,"34":1,"35":0,"36":0,"37":1,"38":0,"39":1,"40":0,"41":0,"42":0,"43":0,"44":0,"45":1,"46":0,"47":1,"48":2,"49":1,"50":1,"51":1,"52":1,"53":0,"54":1,"55":1,"56":1,"57":1,"58":0,"59":1,"60":2,"61":0,"62":2,"63":2,"64":0,"65":0,"66":0,"67":0,"68":1,"69":1,"70":1,"71":1,"72":0,"73":1,"74":1,"75":1,"76":0,"77":1,"78":2,"79":1,"80":1,"81":1,"82":0,"83":1,"84":1,"85":1,"86":0,"87":1,"88":1,"89":1,"90":1,"91":1,"92":0,"93":1,"94":1,"95":1,"96":1,"97":1,"98":1,"99":0,"100":1,"101":2,"102":0,"103":2,"104":2,"105":0,"106":0,"107":0,"108":0,"109":1,"110":0,"111":0,"112":0,"113":0,"114":0,"115":0,"116":0,"117":0,"118":0,"119":0,"120":0,"121":0,"122":0,"123":0,"124":0,"125":0,"126":0,"127":0,"128":0,"129":0,"130":0,"131":0,"132":0,"133":0,"134":0,"135":1,"136":0,"137":0,"138":0,"139":0,"140":0,"141":0,"142":0,"143":0,"144":0,"145":0,"146":0,"147":0,"148":0,"149":0,"150":0,"151":0,"152":0,"153":0,"154":0,"155":0,"156":0,"157":0,"158":0,"159":1,"160":0,"161":1,"162":1,"163":1,"164":1,"165":1},"f":{"0":12,"1":0,"2":0,"3":0,"4":0,"5":0,"6":0,"7":0,"8":2,"9":1,"10":2,"11":1,"12":2,"13":1,"14":1,"15":2,"16":0,"17":0,"18":0,"19":1},"b":{"0":[0,0],"1":[0,0],"2":[0,0],"3":[0,0],"4":[0,0],"5":[0,0],"6":[0,0],"7":[0,0,0],"8":[1,1],"9":[2,1],"10":[0,2],"11":[2,2],"12":[2,0],"13":[0,1],"14":[1,1],"15":[0,2],"16":[2,2],"17":[2,0],"18":[0,0],"19":[0,0],"20":[0,0],"21":[0,0],"22":[0,0],"23":[0,0],"24":[0,0],"25":[0,0],"26":[0,0]},"_coverageSchema":"1a1c01bbd47fc00a2c39e90264f33305004495a9","hash":"7d80dcc102a05723c80c3422deaef7463668c757"}
,"C:\\Users\\Ariam\\OneDrive\\Documents\\1.0-University-of-Pennsylvania\\CIS-350\\project-communitymap\\web-app\\dbOperations.js": {"path":"C:\\Users\\Ariam\\OneDrive\\Documents\\1.0-University-of-Pennsylvania\\CIS-350\\project-communitymap\\web-app\\dbOperations.js","statementMap":{"0":{"start":{"line":2,"column":22},"end":{"line":2,"column":40}},"1":{"start":{"line":5,"column":16},"end":{"line":12,"column":1}},"2":{"start":{"line":6,"column":4},"end":{"line":11,"column":5}},"3":{"start":{"line":7,"column":20},"end":{"line":7,"column":108}},"4":{"start":{"line":8,"column":8},"end":{"line":8,"column":19}},"5":{"start":{"line":10,"column":8},"end":{"line":10,"column":51}},"6":{"start":{"line":16,"column":16},"end":{"line":23,"column":1}},"7":{"start":{"line":17,"column":4},"end":{"line":22,"column":5}},"8":{"start":{"line":18,"column":23},"end":{"line":18,"column":73}},"9":{"start":{"line":19,"column":8},"end":{"line":19,"column":22}},"10":{"start":{"line":21,"column":8},"end":{"line":21,"column":46}},"11":{"start":{"line":26,"column":19},"end":{"line":33,"column":1}},"12":{"start":{"line":27,"column":4},"end":{"line":32,"column":5}},"13":{"start":{"line":28,"column":23},"end":{"line":28,"column":82}},"14":{"start":{"line":29,"column":8},"end":{"line":29,"column":22}},"15":{"start":{"line":31,"column":8},"end":{"line":31,"column":49}},"16":{"start":{"line":37,"column":4},"end":{"line":42,"column":5}},"17":{"start":{"line":38,"column":24},"end":{"line":38,"column":90}},"18":{"start":{"line":39,"column":8},"end":{"line":39,"column":23}},"19":{"start":{"line":41,"column":8},"end":{"line":41,"column":20}},"20":{"start":{"line":46,"column":27},"end":{"line":53,"column":1}},"21":{"start":{"line":47,"column":4},"end":{"line":52,"column":5}},"22":{"start":{"line":48,"column":23},"end":{"line":48,"column":132}},"23":{"start":{"line":49,"column":8},"end":{"line":49,"column":22}},"24":{"start":{"line":51,"column":8},"end":{"line":51,"column":57}},"25":{"start":{"line":56,"column":20},"end":{"line":64,"column":1}},"26":{"start":{"line":57,"column":4},"end":{"line":63,"column":5}},"27":{"start":{"line":58,"column":23},"end":{"line":58,"column":118}},"28":{"start":{"line":59,"column":8},"end":{"line":59,"column":37}},"29":{"start":{"line":60,"column":8},"end":{"line":60,"column":22}},"30":{"start":{"line":62,"column":8},"end":{"line":62,"column":50}},"31":{"start":{"line":67,"column":23},"end":{"line":74,"column":1}},"32":{"start":{"line":68,"column":4},"end":{"line":73,"column":5}},"33":{"start":{"line":69,"column":23},"end":{"line":69,"column":124}},"34":{"start":{"line":70,"column":8},"end":{"line":70,"column":22}},"35":{"start":{"line":72,"column":8},"end":{"line":72,"column":53}},"36":{"start":{"line":78,"column":20},"end":{"line":85,"column":1}},"37":{"start":{"line":79,"column":4},"end":{"line":84,"column":5}},"38":{"start":{"line":80,"column":23},"end":{"line":80,"column":118}},"39":{"start":{"line":81,"column":8},"end":{"line":81,"column":22}},"40":{"start":{"line":83,"column":8},"end":{"line":83,"column":50}},"41":{"start":{"line":90,"column":17},"end":{"line":97,"column":1}},"42":{"start":{"line":91,"column":4},"end":{"line":96,"column":5}},"43":{"start":{"line":92,"column":23},"end":{"line":92,"column":72}},"44":{"start":{"line":93,"column":8},"end":{"line":93,"column":22}},"45":{"start":{"line":95,"column":8},"end":{"line":95,"column":47}},"46":{"start":{"line":100,"column":20},"end":{"line":108,"column":1}},"47":{"start":{"line":101,"column":4},"end":{"line":107,"column":5}},"48":{"start":{"line":102,"column":23},"end":{"line":102,"column":76}},"49":{"start":{"line":103,"column":8},"end":{"line":103,"column":37}},"50":{"start":{"line":104,"column":8},"end":{"line":104,"column":22}},"51":{"start":{"line":106,"column":8},"end":{"line":106,"column":50}},"52":{"start":{"line":112,"column":4},"end":{"line":117,"column":5}},"53":{"start":{"line":113,"column":24},"end":{"line":113,"column":72}},"54":{"start":{"line":114,"column":8},"end":{"line":114,"column":23}},"55":{"start":{"line":116,"column":8},"end":{"line":116,"column":66}},"56":{"start":{"line":121,"column":4},"end":{"line":126,"column":5}},"57":{"start":{"line":122,"column":24},"end":{"line":122,"column":82}},"58":{"start":{"line":123,"column":8},"end":{"line":123,"column":23}},"59":{"start":{"line":125,"column":8},"end":{"line":125,"column":20}},"60":{"start":{"line":130,"column":4},"end":{"line":136,"column":5}},"61":{"start":{"line":132,"column":24},"end":{"line":132,"column":85}},"62":{"start":{"line":133,"column":8},"end":{"line":133,"column":23}},"63":{"start":{"line":135,"column":8},"end":{"line":135,"column":64}},"64":{"start":{"line":140,"column":4},"end":{"line":162,"column":5}},"65":{"start":{"line":141,"column":22},"end":{"line":141,"column":52}},"66":{"start":{"line":142,"column":8},"end":{"line":158,"column":9}},"67":{"start":{"line":143,"column":26},"end":{"line":143,"column":34}},"68":{"start":{"line":144,"column":27},"end":{"line":144,"column":29}},"69":{"start":{"line":145,"column":12},"end":{"line":155,"column":13}},"70":{"start":{"line":146,"column":16},"end":{"line":146,"column":38}},"71":{"start":{"line":147,"column":19},"end":{"line":155,"column":13}},"72":{"start":{"line":148,"column":16},"end":{"line":148,"column":38}},"73":{"start":{"line":150,"column":16},"end":{"line":154,"column":17}},"74":{"start":{"line":151,"column":20},"end":{"line":151,"column":63}},"75":{"start":{"line":153,"column":20},"end":{"line":153,"column":48}},"76":{"start":{"line":156,"column":12},"end":{"line":156,"column":100}},"77":{"start":{"line":161,"column":8},"end":{"line":161,"column":25}},"78":{"start":{"line":168,"column":19},"end":{"line":175,"column":1}},"79":{"start":{"line":169,"column":4},"end":{"line":174,"column":5}},"80":{"start":{"line":170,"column":23},"end":{"line":170,"column":108}},"81":{"start":{"line":171,"column":8},"end":{"line":171,"column":22}},"82":{"start":{"line":173,"column":8},"end":{"line":173,"column":58}},"83":{"start":{"line":178,"column":19},"end":{"line":185,"column":1}},"84":{"start":{"line":179,"column":4},"end":{"line":184,"column":5}},"85":{"start":{"line":180,"column":23},"end":{"line":180,"column":108}},"86":{"start":{"line":181,"column":8},"end":{"line":181,"column":22}},"87":{"start":{"line":183,"column":8},"end":{"line":183,"column":58}},"88":{"start":{"line":188,"column":23},"end":{"line":195,"column":1}},"89":{"start":{"line":189,"column":4},"end":{"line":194,"column":5}},"90":{"start":{"line":190,"column":23},"end":{"line":190,"column":116}},"91":{"start":{"line":191,"column":8},"end":{"line":191,"column":22}},"92":{"start":{"line":193,"column":8},"end":{"line":193,"column":62}},"93":{"start":{"line":198,"column":26},"end":{"line":205,"column":1}},"94":{"start":{"line":199,"column":4},"end":{"line":204,"column":5}},"95":{"start":{"line":200,"column":23},"end":{"line":200,"column":122}},"96":{"start":{"line":201,"column":8},"end":{"line":201,"column":22}},"97":{"start":{"line":203,"column":8},"end":{"line":203,"column":73}},"98":{"start":{"line":208,"column":21},"end":{"line":215,"column":1}},"99":{"start":{"line":209,"column":4},"end":{"line":214,"column":5}},"100":{"start":{"line":210,"column":23},"end":{"line":210,"column":112}},"101":{"start":{"line":211,"column":8},"end":{"line":211,"column":22}},"102":{"start":{"line":213,"column":8},"end":{"line":213,"column":67}},"103":{"start":{"line":217,"column":0},"end":{"line":219,"column":92}}},"fnMap":{"0":{"name":"(anonymous_0)","decl":{"start":{"line":5,"column":16},"end":{"line":5,"column":17}},"loc":{"start":{"line":5,"column":31},"end":{"line":12,"column":1}},"line":5},"1":{"name":"(anonymous_1)","decl":{"start":{"line":16,"column":16},"end":{"line":16,"column":17}},"loc":{"start":{"line":16,"column":39},"end":{"line":23,"column":1}},"line":16},"2":{"name":"(anonymous_2)","decl":{"start":{"line":26,"column":19},"end":{"line":26,"column":20}},"loc":{"start":{"line":26,"column":39},"end":{"line":33,"column":1}},"line":26},"3":{"name":"getUser","decl":{"start":{"line":36,"column":15},"end":{"line":36,"column":22}},"loc":{"start":{"line":36,"column":32},"end":{"line":43,"column":1}},"line":36},"4":{"name":"(anonymous_4)","decl":{"start":{"line":46,"column":27},"end":{"line":46,"column":28}},"loc":{"start":{"line":46,"column":47},"end":{"line":53,"column":1}},"line":46},"5":{"name":"(anonymous_5)","decl":{"start":{"line":56,"column":20},"end":{"line":56,"column":21}},"loc":{"start":{"line":56,"column":40},"end":{"line":64,"column":1}},"line":56},"6":{"name":"(anonymous_6)","decl":{"start":{"line":67,"column":23},"end":{"line":67,"column":24}},"loc":{"start":{"line":67,"column":43},"end":{"line":74,"column":1}},"line":67},"7":{"name":"(anonymous_7)","decl":{"start":{"line":78,"column":20},"end":{"line":78,"column":21}},"loc":{"start":{"line":78,"column":40},"end":{"line":85,"column":1}},"line":78},"8":{"name":"(anonymous_8)","decl":{"start":{"line":90,"column":17},"end":{"line":90,"column":18}},"loc":{"start":{"line":90,"column":41},"end":{"line":97,"column":1}},"line":90},"9":{"name":"(anonymous_9)","decl":{"start":{"line":100,"column":20},"end":{"line":100,"column":21}},"loc":{"start":{"line":100,"column":40},"end":{"line":108,"column":1}},"line":100},"10":{"name":"getAllEvents","decl":{"start":{"line":111,"column":15},"end":{"line":111,"column":27}},"loc":{"start":{"line":111,"column":31},"end":{"line":118,"column":1}},"line":111},"11":{"name":"getEvent","decl":{"start":{"line":120,"column":15},"end":{"line":120,"column":23}},"loc":{"start":{"line":120,"column":33},"end":{"line":127,"column":1}},"line":120},"12":{"name":"getMyEvents","decl":{"start":{"line":129,"column":15},"end":{"line":129,"column":26}},"loc":{"start":{"line":129,"column":36},"end":{"line":137,"column":1}},"line":129},"13":{"name":"signUp","decl":{"start":{"line":139,"column":15},"end":{"line":139,"column":21}},"loc":{"start":{"line":139,"column":47},"end":{"line":163,"column":1}},"line":139},"14":{"name":"(anonymous_14)","decl":{"start":{"line":168,"column":19},"end":{"line":168,"column":20}},"loc":{"start":{"line":168,"column":40},"end":{"line":175,"column":1}},"line":168},"15":{"name":"(anonymous_15)","decl":{"start":{"line":178,"column":19},"end":{"line":178,"column":20}},"loc":{"start":{"line":178,"column":40},"end":{"line":185,"column":1}},"line":178},"16":{"name":"(anonymous_16)","decl":{"start":{"line":188,"column":23},"end":{"line":188,"column":24}},"loc":{"start":{"line":188,"column":44},"end":{"line":195,"column":1}},"line":188},"17":{"name":"(anonymous_17)","decl":{"start":{"line":198,"column":26},"end":{"line":198,"column":27}},"loc":{"start":{"line":198,"column":47},"end":{"line":205,"column":1}},"line":198},"18":{"name":"(anonymous_18)","decl":{"start":{"line":208,"column":21},"end":{"line":208,"column":22}},"loc":{"start":{"line":208,"column":42},"end":{"line":215,"column":1}},"line":208}},"branchMap":{"0":{"loc":{"start":{"line":142,"column":8},"end":{"line":158,"column":9}},"type":"if","locations":[{"start":{"line":142,"column":8},"end":{"line":158,"column":9}},{"start":{},"end":{}}],"line":142},"1":{"loc":{"start":{"line":145,"column":12},"end":{"line":155,"column":13}},"type":"if","locations":[{"start":{"line":145,"column":12},"end":{"line":155,"column":13}},{"start":{"line":147,"column":19},"end":{"line":155,"column":13}}],"line":145},"2":{"loc":{"start":{"line":147,"column":19},"end":{"line":155,"column":13}},"type":"if","locations":[{"start":{"line":147,"column":19},"end":{"line":155,"column":13}},{"start":{"line":149,"column":19},"end":{"line":155,"column":13}}],"line":147},"3":{"loc":{"start":{"line":150,"column":16},"end":{"line":154,"column":17}},"type":"if","locations":[{"start":{"line":150,"column":16},"end":{"line":154,"column":17}},{"start":{"line":152,"column":23},"end":{"line":154,"column":17}}],"line":150}},"s":{"0":2,"1":2,"2":22,"3":22,"4":21,"5":1,"6":2,"7":11,"8":11,"9":10,"10":1,"11":2,"12":1,"13":1,"14":1,"15":0,"16":4,"17":4,"18":4,"19":0,"20":2,"21":1,"22":1,"23":1,"24":0,"25":2,"26":1,"27":1,"28":1,"29":1,"30":0,"31":2,"32":1,"33":1,"34":1,"35":0,"36":2,"37":1,"38":1,"39":1,"40":0,"41":2,"42":15,"43":15,"44":14,"45":1,"46":2,"47":1,"48":1,"49":1,"50":1,"51":0,"52":2,"53":2,"54":2,"55":0,"56":7,"57":7,"58":7,"59":0,"60":2,"61":2,"62":2,"63":0,"64":1,"65":1,"66":1,"67":0,"68":0,"69":0,"70":0,"71":0,"72":0,"73":0,"74":0,"75":0,"76":0,"77":0,"78":2,"79":1,"80":1,"81":1,"82":0,"83":2,"84":1,"85":1,"86":1,"87":0,"88":2,"89":1,"90":1,"91":1,"92":0,"93":2,"94":1,"95":1,"96":1,"97":0,"98":2,"99":1,"100":1,"101":1,"102":0,"103":2},"f":{"0":22,"1":11,"2":1,"3":4,"4":1,"5":1,"6":1,"7":1,"8":15,"9":1,"10":2,"11":7,"12":2,"13":1,"14":1,"15":1,"16":1,"17":1,"18":1},"b":{"0":[0,1],"1":[0,0],"2":[0,0],"3":[0,0]},"_coverageSchema":"1a1c01bbd47fc00a2c39e90264f33305004495a9","hash":"93195c85886cddac8b965a1e5350f682e7864842"}
}
