{"C:\\Users\\Ariam\\OneDrive\\Documents\\1.0-University-of-Pennsylvania\\CIS-350\\project-communitymap\\server.js": {"path":"C:\\Users\\Ariam\\OneDrive\\Documents\\1.0-University-of-Pennsylvania\\CIS-350\\project-communitymap\\server.js","statementMap":{"0":{"start":{"line":1,"column":16},"end":{"line":1,"column":34}},"1":{"start":{"line":2,"column":13},"end":{"line":2,"column":28}},"2":{"start":{"line":3,"column":12},"end":{"line":3,"column":35}},"3":{"start":{"line":4,"column":12},"end":{"line":4,"column":45}},"4":{"start":{"line":9,"column":12},"end":{"line":9,"column":104}},"5":{"start":{"line":11,"column":15},"end":{"line":11,"column":24}},"6":{"start":{"line":14,"column":13},"end":{"line":14,"column":28}},"7":{"start":{"line":17,"column":0},"end":{"line":17,"column":67}},"8":{"start":{"line":19,"column":0},"end":{"line":19,"column":27}},"9":{"start":{"line":20,"column":0},"end":{"line":22,"column":4}},"10":{"start":{"line":24,"column":0},"end":{"line":27,"column":4}},"11":{"start":{"line":30,"column":0},"end":{"line":34,"column":3}},"12":{"start":{"line":31,"column":2},"end":{"line":31,"column":70}},"13":{"start":{"line":32,"column":2},"end":{"line":32,"column":95}},"14":{"start":{"line":33,"column":2},"end":{"line":33,"column":9}},"15":{"start":{"line":37,"column":12},"end":{"line":37,"column":21}},"16":{"start":{"line":39,"column":15},"end":{"line":39,"column":17}},"17":{"start":{"line":41,"column":0},"end":{"line":56,"column":3}},"18":{"start":{"line":43,"column":4},"end":{"line":46,"column":5}},"19":{"start":{"line":44,"column":8},"end":{"line":44,"column":59}},"20":{"start":{"line":45,"column":8},"end":{"line":45,"column":15}},"21":{"start":{"line":48,"column":21},"end":{"line":48,"column":38}},"22":{"start":{"line":50,"column":22},"end":{"line":52,"column":50}},"23":{"start":{"line":54,"column":4},"end":{"line":54,"column":24}},"24":{"start":{"line":55,"column":4},"end":{"line":55,"column":46}},"25":{"start":{"line":59,"column":0},"end":{"line":80,"column":3}},"26":{"start":{"line":61,"column":4},"end":{"line":64,"column":5}},"27":{"start":{"line":62,"column":8},"end":{"line":62,"column":56}},"28":{"start":{"line":63,"column":8},"end":{"line":63,"column":15}},"29":{"start":{"line":66,"column":22},"end":{"line":66,"column":36}},"30":{"start":{"line":69,"column":4},"end":{"line":79,"column":6}},"31":{"start":{"line":70,"column":8},"end":{"line":77,"column":9}},"32":{"start":{"line":73,"column":12},"end":{"line":76,"column":13}},"33":{"start":{"line":74,"column":16},"end":{"line":74,"column":66}},"34":{"start":{"line":75,"column":16},"end":{"line":75,"column":23}},"35":{"start":{"line":78,"column":8},"end":{"line":78,"column":46}},"36":{"start":{"line":82,"column":0},"end":{"line":87,"column":3}},"37":{"start":{"line":83,"column":4},"end":{"line":83,"column":32}},"38":{"start":{"line":84,"column":5},"end":{"line":86,"column":7}},"39":{"start":{"line":89,"column":0},"end":{"line":91,"column":3}},"40":{"start":{"line":90,"column":4},"end":{"line":90,"column":34}},"41":{"start":{"line":93,"column":0},"end":{"line":105,"column":3}},"42":{"start":{"line":94,"column":4},"end":{"line":97,"column":5}},"43":{"start":{"line":95,"column":8},"end":{"line":95,"column":67}},"44":{"start":{"line":96,"column":8},"end":{"line":96,"column":15}},"45":{"start":{"line":98,"column":4},"end":{"line":102,"column":7}},"46":{"start":{"line":103,"column":4},"end":{"line":103,"column":43}},"47":{"start":{"line":111,"column":0},"end":{"line":126,"column":3}},"48":{"start":{"line":112,"column":2},"end":{"line":125,"column":3}},"49":{"start":{"line":113,"column":4},"end":{"line":113,"column":61}},"50":{"start":{"line":117,"column":4},"end":{"line":124,"column":5}},"51":{"start":{"line":118,"column":6},"end":{"line":120,"column":48}},"52":{"start":{"line":121,"column":6},"end":{"line":121,"column":66}},"53":{"start":{"line":123,"column":6},"end":{"line":123,"column":58}},"54":{"start":{"line":129,"column":0},"end":{"line":136,"column":3}},"55":{"start":{"line":130,"column":2},"end":{"line":135,"column":3}},"56":{"start":{"line":131,"column":20},"end":{"line":131,"column":59}},"57":{"start":{"line":132,"column":4},"end":{"line":132,"column":43}},"58":{"start":{"line":134,"column":4},"end":{"line":134,"column":56}},"59":{"start":{"line":139,"column":0},"end":{"line":154,"column":3}},"60":{"start":{"line":142,"column":2},"end":{"line":153,"column":3}},"61":{"start":{"line":143,"column":4},"end":{"line":143,"column":61}},"62":{"start":{"line":144,"column":9},"end":{"line":153,"column":3}},"63":{"start":{"line":145,"column":4},"end":{"line":145,"column":63}},"64":{"start":{"line":147,"column":4},"end":{"line":152,"column":5}},"65":{"start":{"line":148,"column":6},"end":{"line":148,"column":49}},"66":{"start":{"line":149,"column":6},"end":{"line":149,"column":60}},"67":{"start":{"line":151,"column":6},"end":{"line":151,"column":58}},"68":{"start":{"line":158,"column":0},"end":{"line":174,"column":3}},"69":{"start":{"line":160,"column":2},"end":{"line":160,"column":25}},"70":{"start":{"line":161,"column":2},"end":{"line":161,"column":32}},"71":{"start":{"line":162,"column":2},"end":{"line":173,"column":3}},"72":{"start":{"line":163,"column":4},"end":{"line":163,"column":76}},"73":{"start":{"line":165,"column":4},"end":{"line":172,"column":5}},"74":{"start":{"line":166,"column":6},"end":{"line":168,"column":121}},"75":{"start":{"line":169,"column":6},"end":{"line":169,"column":64}},"76":{"start":{"line":171,"column":6},"end":{"line":171,"column":58}},"77":{"start":{"line":177,"column":0},"end":{"line":194,"column":3}},"78":{"start":{"line":179,"column":2},"end":{"line":193,"column":3}},"79":{"start":{"line":180,"column":4},"end":{"line":185,"column":5}},"80":{"start":{"line":181,"column":22},"end":{"line":181,"column":48}},"81":{"start":{"line":182,"column":6},"end":{"line":182,"column":47}},"82":{"start":{"line":184,"column":6},"end":{"line":184,"column":58}},"83":{"start":{"line":187,"column":4},"end":{"line":192,"column":5}},"84":{"start":{"line":188,"column":22},"end":{"line":188,"column":68}},"85":{"start":{"line":189,"column":6},"end":{"line":189,"column":47}},"86":{"start":{"line":191,"column":6},"end":{"line":191,"column":58}},"87":{"start":{"line":196,"column":0},"end":{"line":204,"column":3}},"88":{"start":{"line":197,"column":2},"end":{"line":203,"column":3}},"89":{"start":{"line":198,"column":4},"end":{"line":198,"column":60}},"90":{"start":{"line":199,"column":20},"end":{"line":199,"column":63}},"91":{"start":{"line":200,"column":4},"end":{"line":200,"column":44}},"92":{"start":{"line":202,"column":4},"end":{"line":202,"column":56}},"93":{"start":{"line":206,"column":0},"end":{"line":215,"column":3}},"94":{"start":{"line":207,"column":2},"end":{"line":207,"column":35}},"95":{"start":{"line":208,"column":2},"end":{"line":214,"column":3}},"96":{"start":{"line":209,"column":4},"end":{"line":209,"column":78}},"97":{"start":{"line":210,"column":4},"end":{"line":210,"column":67}},"98":{"start":{"line":211,"column":4},"end":{"line":211,"column":60}},"99":{"start":{"line":213,"column":4},"end":{"line":213,"column":54}},"100":{"start":{"line":237,"column":0},"end":{"line":251,"column":3}},"101":{"start":{"line":239,"column":2},"end":{"line":250,"column":3}},"102":{"start":{"line":240,"column":4},"end":{"line":240,"column":61}},"103":{"start":{"line":241,"column":9},"end":{"line":250,"column":3}},"104":{"start":{"line":242,"column":4},"end":{"line":242,"column":61}},"105":{"start":{"line":244,"column":4},"end":{"line":249,"column":5}},"106":{"start":{"line":245,"column":6},"end":{"line":245,"column":50}},"107":{"start":{"line":246,"column":6},"end":{"line":246,"column":58}},"108":{"start":{"line":248,"column":6},"end":{"line":248,"column":58}},"109":{"start":{"line":254,"column":0},"end":{"line":302,"column":3}},"110":{"start":{"line":258,"column":2},"end":{"line":265,"column":3}},"111":{"start":{"line":259,"column":4},"end":{"line":264,"column":5}},"112":{"start":{"line":260,"column":6},"end":{"line":260,"column":91}},"113":{"start":{"line":261,"column":6},"end":{"line":261,"column":68}},"114":{"start":{"line":263,"column":6},"end":{"line":263,"column":58}},"115":{"start":{"line":267,"column":2},"end":{"line":274,"column":3}},"116":{"start":{"line":268,"column":4},"end":{"line":273,"column":5}},"117":{"start":{"line":269,"column":6},"end":{"line":269,"column":100}},"118":{"start":{"line":270,"column":6},"end":{"line":270,"column":68}},"119":{"start":{"line":272,"column":6},"end":{"line":272,"column":58}},"120":{"start":{"line":276,"column":2},"end":{"line":283,"column":3}},"121":{"start":{"line":277,"column":4},"end":{"line":282,"column":5}},"122":{"start":{"line":278,"column":6},"end":{"line":278,"column":79}},"123":{"start":{"line":279,"column":6},"end":{"line":279,"column":64}},"124":{"start":{"line":281,"column":6},"end":{"line":281,"column":58}},"125":{"start":{"line":285,"column":2},"end":{"line":292,"column":3}},"126":{"start":{"line":286,"column":4},"end":{"line":291,"column":5}},"127":{"start":{"line":287,"column":6},"end":{"line":287,"column":79}},"128":{"start":{"line":288,"column":6},"end":{"line":288,"column":64}},"129":{"start":{"line":290,"column":6},"end":{"line":290,"column":58}},"130":{"start":{"line":294,"column":2},"end":{"line":301,"column":3}},"131":{"start":{"line":295,"column":4},"end":{"line":300,"column":5}},"132":{"start":{"line":296,"column":6},"end":{"line":296,"column":85}},"133":{"start":{"line":297,"column":6},"end":{"line":297,"column":65}},"134":{"start":{"line":299,"column":6},"end":{"line":299,"column":58}},"135":{"start":{"line":305,"column":0},"end":{"line":347,"column":3}},"136":{"start":{"line":309,"column":2},"end":{"line":309,"column":27}},"137":{"start":{"line":310,"column":2},"end":{"line":310,"column":35}},"138":{"start":{"line":311,"column":2},"end":{"line":311,"column":35}},"139":{"start":{"line":312,"column":2},"end":{"line":319,"column":3}},"140":{"start":{"line":313,"column":4},"end":{"line":318,"column":5}},"141":{"start":{"line":314,"column":6},"end":{"line":314,"column":86}},"142":{"start":{"line":315,"column":6},"end":{"line":315,"column":66}},"143":{"start":{"line":317,"column":6},"end":{"line":317,"column":58}},"144":{"start":{"line":321,"column":2},"end":{"line":328,"column":3}},"145":{"start":{"line":322,"column":4},"end":{"line":327,"column":5}},"146":{"start":{"line":323,"column":6},"end":{"line":323,"column":95}},"147":{"start":{"line":324,"column":6},"end":{"line":324,"column":70}},"148":{"start":{"line":326,"column":6},"end":{"line":326,"column":58}},"149":{"start":{"line":330,"column":2},"end":{"line":337,"column":3}},"150":{"start":{"line":331,"column":4},"end":{"line":336,"column":5}},"151":{"start":{"line":332,"column":6},"end":{"line":332,"column":80}},"152":{"start":{"line":333,"column":6},"end":{"line":333,"column":64}},"153":{"start":{"line":335,"column":6},"end":{"line":335,"column":58}},"154":{"start":{"line":339,"column":2},"end":{"line":346,"column":3}},"155":{"start":{"line":340,"column":4},"end":{"line":345,"column":5}},"156":{"start":{"line":341,"column":6},"end":{"line":341,"column":103}},"157":{"start":{"line":342,"column":6},"end":{"line":342,"column":64}},"158":{"start":{"line":344,"column":6},"end":{"line":344,"column":58}},"159":{"start":{"line":350,"column":0},"end":{"line":352,"column":3}},"160":{"start":{"line":351,"column":2},"end":{"line":351,"column":18}},"161":{"start":{"line":356,"column":0},"end":{"line":358,"column":3}},"162":{"start":{"line":357,"column":2},"end":{"line":357,"column":66}},"163":{"start":{"line":360,"column":13},"end":{"line":360,"column":37}},"164":{"start":{"line":362,"column":0},"end":{"line":365,"column":3}},"165":{"start":{"line":363,"column":2},"end":{"line":363,"column":30}},"166":{"start":{"line":364,"column":2},"end":{"line":364,"column":49}},"167":{"start":{"line":369,"column":0},"end":{"line":369,"column":24}}},"fnMap":{"0":{"name":"(anonymous_0)","decl":{"start":{"line":30,"column":11},"end":{"line":30,"column":12}},"loc":{"start":{"line":30,"column":36},"end":{"line":34,"column":1}},"line":30},"1":{"name":"(anonymous_1)","decl":{"start":{"line":41,"column":22},"end":{"line":41,"column":23}},"loc":{"start":{"line":41,"column":37},"end":{"line":56,"column":1}},"line":41},"2":{"name":"(anonymous_2)","decl":{"start":{"line":59,"column":24},"end":{"line":59,"column":25}},"loc":{"start":{"line":59,"column":39},"end":{"line":80,"column":1}},"line":59},"3":{"name":"(anonymous_3)","decl":{"start":{"line":69,"column":50},"end":{"line":69,"column":51}},"loc":{"start":{"line":69,"column":65},"end":{"line":79,"column":5}},"line":69},"4":{"name":"(anonymous_4)","decl":{"start":{"line":82,"column":21},"end":{"line":82,"column":22}},"loc":{"start":{"line":82,"column":35},"end":{"line":87,"column":1}},"line":82},"5":{"name":"(anonymous_5)","decl":{"start":{"line":89,"column":24},"end":{"line":89,"column":25}},"loc":{"start":{"line":89,"column":42},"end":{"line":91,"column":1}},"line":89},"6":{"name":"(anonymous_6)","decl":{"start":{"line":93,"column":25},"end":{"line":93,"column":26}},"loc":{"start":{"line":93,"column":42},"end":{"line":105,"column":1}},"line":93},"7":{"name":"(anonymous_7)","decl":{"start":{"line":111,"column":25},"end":{"line":111,"column":26}},"loc":{"start":{"line":111,"column":47},"end":{"line":126,"column":1}},"line":111},"8":{"name":"(anonymous_8)","decl":{"start":{"line":129,"column":30},"end":{"line":129,"column":31}},"loc":{"start":{"line":129,"column":52},"end":{"line":136,"column":1}},"line":129},"9":{"name":"(anonymous_9)","decl":{"start":{"line":139,"column":33},"end":{"line":139,"column":34}},"loc":{"start":{"line":139,"column":55},"end":{"line":154,"column":1}},"line":139},"10":{"name":"(anonymous_10)","decl":{"start":{"line":158,"column":23},"end":{"line":158,"column":24}},"loc":{"start":{"line":158,"column":45},"end":{"line":174,"column":1}},"line":158},"11":{"name":"(anonymous_11)","decl":{"start":{"line":177,"column":22},"end":{"line":177,"column":23}},"loc":{"start":{"line":177,"column":44},"end":{"line":194,"column":1}},"line":177},"12":{"name":"(anonymous_12)","decl":{"start":{"line":196,"column":31},"end":{"line":196,"column":32}},"loc":{"start":{"line":196,"column":52},"end":{"line":204,"column":1}},"line":196},"13":{"name":"(anonymous_13)","decl":{"start":{"line":206,"column":23},"end":{"line":206,"column":24}},"loc":{"start":{"line":206,"column":45},"end":{"line":215,"column":1}},"line":206},"14":{"name":"(anonymous_14)","decl":{"start":{"line":237,"column":31},"end":{"line":237,"column":32}},"loc":{"start":{"line":237,"column":53},"end":{"line":251,"column":1}},"line":237},"15":{"name":"(anonymous_15)","decl":{"start":{"line":254,"column":22},"end":{"line":254,"column":23}},"loc":{"start":{"line":254,"column":44},"end":{"line":302,"column":1}},"line":254},"16":{"name":"(anonymous_16)","decl":{"start":{"line":305,"column":24},"end":{"line":305,"column":25}},"loc":{"start":{"line":305,"column":46},"end":{"line":347,"column":1}},"line":305},"17":{"name":"(anonymous_17)","decl":{"start":{"line":350,"column":11},"end":{"line":350,"column":12}},"loc":{"start":{"line":350,"column":26},"end":{"line":352,"column":1}},"line":350},"18":{"name":"(anonymous_18)","decl":{"start":{"line":356,"column":16},"end":{"line":356,"column":17}},"loc":{"start":{"line":356,"column":30},"end":{"line":358,"column":1}},"line":356},"19":{"name":"(anonymous_19)","decl":{"start":{"line":362,"column":20},"end":{"line":362,"column":21}},"loc":{"start":{"line":362,"column":32},"end":{"line":365,"column":1}},"line":362}},"branchMap":{"0":{"loc":{"start":{"line":43,"column":4},"end":{"line":46,"column":5}},"type":"if","locations":[{"start":{"line":43,"column":4},"end":{"line":46,"column":5}},{"start":{},"end":{}}],"line":43},"1":{"loc":{"start":{"line":43,"column":7},"end":{"line":43,"column":59}},"type":"binary-expr","locations":[{"start":{"line":43,"column":7},"end":{"line":43,"column":25}},{"start":{"line":43,"column":29},"end":{"line":43,"column":59}}],"line":43},"2":{"loc":{"start":{"line":61,"column":4},"end":{"line":64,"column":5}},"type":"if","locations":[{"start":{"line":61,"column":4},"end":{"line":64,"column":5}},{"start":{},"end":{}}],"line":61},"3":{"loc":{"start":{"line":61,"column":7},"end":{"line":61,"column":53}},"type":"binary-expr","locations":[{"start":{"line":61,"column":7},"end":{"line":61,"column":22}},{"start":{"line":61,"column":26},"end":{"line":61,"column":53}}],"line":61},"4":{"loc":{"start":{"line":70,"column":8},"end":{"line":77,"column":9}},"type":"if","locations":[{"start":{"line":70,"column":8},"end":{"line":77,"column":9}},{"start":{},"end":{}}],"line":70},"5":{"loc":{"start":{"line":73,"column":12},"end":{"line":76,"column":13}},"type":"if","locations":[{"start":{"line":73,"column":12},"end":{"line":76,"column":13}},{"start":{},"end":{}}],"line":73},"6":{"loc":{"start":{"line":94,"column":4},"end":{"line":97,"column":5}},"type":"if","locations":[{"start":{"line":94,"column":4},"end":{"line":97,"column":5}},{"start":{},"end":{}}],"line":94},"7":{"loc":{"start":{"line":94,"column":7},"end":{"line":94,"column":58}},"type":"binary-expr","locations":[{"start":{"line":94,"column":7},"end":{"line":94,"column":21}},{"start":{"line":94,"column":25},"end":{"line":94,"column":37}},{"start":{"line":94,"column":41},"end":{"line":94,"column":58}}],"line":94},"8":{"loc":{"start":{"line":112,"column":2},"end":{"line":125,"column":3}},"type":"if","locations":[{"start":{"line":112,"column":2},"end":{"line":125,"column":3}},{"start":{"line":116,"column":9},"end":{"line":125,"column":3}}],"line":112},"9":{"loc":{"start":{"line":112,"column":6},"end":{"line":112,"column":60}},"type":"binary-expr","locations":[{"start":{"line":112,"column":6},"end":{"line":112,"column":25}},{"start":{"line":112,"column":29},"end":{"line":112,"column":60}}],"line":112},"10":{"loc":{"start":{"line":142,"column":2},"end":{"line":153,"column":3}},"type":"if","locations":[{"start":{"line":142,"column":2},"end":{"line":153,"column":3}},{"start":{"line":144,"column":9},"end":{"line":153,"column":3}}],"line":142},"11":{"loc":{"start":{"line":142,"column":6},"end":{"line":142,"column":56}},"type":"binary-expr","locations":[{"start":{"line":142,"column":6},"end":{"line":142,"column":23}},{"start":{"line":142,"column":27},"end":{"line":142,"column":56}}],"line":142},"12":{"loc":{"start":{"line":144,"column":9},"end":{"line":153,"column":3}},"type":"if","locations":[{"start":{"line":144,"column":9},"end":{"line":153,"column":3}},{"start":{"line":146,"column":9},"end":{"line":153,"column":3}}],"line":144},"13":{"loc":{"start":{"line":162,"column":2},"end":{"line":173,"column":3}},"type":"if","locations":[{"start":{"line":162,"column":2},"end":{"line":173,"column":3}},{"start":{"line":164,"column":9},"end":{"line":173,"column":3}}],"line":162},"14":{"loc":{"start":{"line":179,"column":2},"end":{"line":193,"column":3}},"type":"if","locations":[{"start":{"line":179,"column":2},"end":{"line":193,"column":3}},{"start":{"line":186,"column":9},"end":{"line":193,"column":3}}],"line":179},"15":{"loc":{"start":{"line":239,"column":2},"end":{"line":250,"column":3}},"type":"if","locations":[{"start":{"line":239,"column":2},"end":{"line":250,"column":3}},{"start":{"line":241,"column":9},"end":{"line":250,"column":3}}],"line":239},"16":{"loc":{"start":{"line":239,"column":6},"end":{"line":239,"column":56}},"type":"binary-expr","locations":[{"start":{"line":239,"column":6},"end":{"line":239,"column":23}},{"start":{"line":239,"column":27},"end":{"line":239,"column":56}}],"line":239},"17":{"loc":{"start":{"line":241,"column":9},"end":{"line":250,"column":3}},"type":"if","locations":[{"start":{"line":241,"column":9},"end":{"line":250,"column":3}},{"start":{"line":243,"column":9},"end":{"line":250,"column":3}}],"line":241},"18":{"loc":{"start":{"line":258,"column":2},"end":{"line":265,"column":3}},"type":"if","locations":[{"start":{"line":258,"column":2},"end":{"line":265,"column":3}},{"start":{},"end":{}}],"line":258},"19":{"loc":{"start":{"line":267,"column":2},"end":{"line":274,"column":3}},"type":"if","locations":[{"start":{"line":267,"column":2},"end":{"line":274,"column":3}},{"start":{},"end":{}}],"line":267},"20":{"loc":{"start":{"line":276,"column":2},"end":{"line":283,"column":3}},"type":"if","locations":[{"start":{"line":276,"column":2},"end":{"line":283,"column":3}},{"start":{},"end":{}}],"line":276},"21":{"loc":{"start":{"line":285,"column":2},"end":{"line":292,"column":3}},"type":"if","locations":[{"start":{"line":285,"column":2},"end":{"line":292,"column":3}},{"start":{},"end":{}}],"line":285},"22":{"loc":{"start":{"line":294,"column":2},"end":{"line":301,"column":3}},"type":"if","locations":[{"start":{"line":294,"column":2},"end":{"line":301,"column":3}},{"start":{},"end":{}}],"line":294},"23":{"loc":{"start":{"line":312,"column":2},"end":{"line":319,"column":3}},"type":"if","locations":[{"start":{"line":312,"column":2},"end":{"line":319,"column":3}},{"start":{},"end":{}}],"line":312},"24":{"loc":{"start":{"line":321,"column":2},"end":{"line":328,"column":3}},"type":"if","locations":[{"start":{"line":321,"column":2},"end":{"line":328,"column":3}},{"start":{},"end":{}}],"line":321},"25":{"loc":{"start":{"line":330,"column":2},"end":{"line":337,"column":3}},"type":"if","locations":[{"start":{"line":330,"column":2},"end":{"line":337,"column":3}},{"start":{},"end":{}}],"line":330},"26":{"loc":{"start":{"line":339,"column":2},"end":{"line":346,"column":3}},"type":"if","locations":[{"start":{"line":339,"column":2},"end":{"line":346,"column":3}},{"start":{},"end":{}}],"line":339},"27":{"loc":{"start":{"line":360,"column":13},"end":{"line":360,"column":37}},"type":"binary-expr","locations":[{"start":{"line":360,"column":13},"end":{"line":360,"column":29}},{"start":{"line":360,"column":33},"end":{"line":360,"column":37}}],"line":360}},"s":{"0":1,"1":1,"2":1,"3":1,"4":1,"5":1,"6":1,"7":1,"8":1,"9":1,"10":1,"11":1,"12":12,"13":12,"14":12,"15":1,"16":1,"17":1,"18":0,"19":0,"20":0,"21":0,"22":0,"23":0,"24":0,"25":1,"26":0,"27":0,"28":0,"29":0,"30":0,"31":0,"32":0,"33":0,"34":0,"35":0,"36":1,"37":0,"38":0,"39":1,"40":0,"41":1,"42":0,"43":0,"44":0,"45":0,"46":0,"47":1,"48":2,"49":1,"50":1,"51":1,"52":1,"53":0,"54":1,"55":1,"56":1,"57":1,"58":0,"59":1,"60":2,"61":0,"62":2,"63":2,"64":0,"65":0,"66":0,"67":0,"68":1,"69":1,"70":1,"71":1,"72":0,"73":1,"74":1,"75":1,"76":0,"77":1,"78":2,"79":1,"80":1,"81":1,"82":0,"83":1,"84":1,"85":1,"86":0,"87":1,"88":1,"89":1,"90":1,"91":1,"92":0,"93":1,"94":1,"95":1,"96":1,"97":1,"98":1,"99":0,"100":1,"101":2,"102":0,"103":2,"104":2,"105":0,"106":0,"107":0,"108":0,"109":1,"110":0,"111":0,"112":0,"113":0,"114":0,"115":0,"116":0,"117":0,"118":0,"119":0,"120":0,"121":0,"122":0,"123":0,"124":0,"125":0,"126":0,"127":0,"128":0,"129":0,"130":0,"131":0,"132":0,"133":0,"134":0,"135":1,"136":0,"137":0,"138":0,"139":0,"140":0,"141":0,"142":0,"143":0,"144":0,"145":0,"146":0,"147":0,"148":0,"149":0,"150":0,"151":0,"152":0,"153":0,"154":0,"155":0,"156":0,"157":0,"158":0,"159":1,"160":0,"161":1,"162":0,"163":1,"164":1,"165":1,"166":1,"167":1},"f":{"0":12,"1":0,"2":0,"3":0,"4":0,"5":0,"6":0,"7":2,"8":1,"9":2,"10":1,"11":2,"12":1,"13":1,"14":2,"15":0,"16":0,"17":0,"18":0,"19":1},"b":{"0":[0,0],"1":[0,0],"2":[0,0],"3":[0,0],"4":[0,0],"5":[0,0],"6":[0,0],"7":[0,0,0],"8":[1,1],"9":[2,1],"10":[0,2],"11":[2,2],"12":[2,0],"13":[0,1],"14":[1,1],"15":[0,2],"16":[2,2],"17":[2,0],"18":[0,0],"19":[0,0],"20":[0,0],"21":[0,0],"22":[0,0],"23":[0,0],"24":[0,0],"25":[0,0],"26":[0,0],"27":[1,1]},"_coverageSchema":"1a1c01bbd47fc00a2c39e90264f33305004495a9","hash":"4430eb21a4c74715b96f0e7ec504a5d031fa660c"}
,"C:\\Users\\Ariam\\OneDrive\\Documents\\1.0-University-of-Pennsylvania\\CIS-350\\project-communitymap\\web-app\\dbOperations.js": {"path":"C:\\Users\\Ariam\\OneDrive\\Documents\\1.0-University-of-Pennsylvania\\CIS-350\\project-communitymap\\web-app\\dbOperations.js","statementMap":{"0":{"start":{"line":2,"column":22},"end":{"line":2,"column":40}},"1":{"start":{"line":5,"column":16},"end":{"line":12,"column":1}},"2":{"start":{"line":6,"column":4},"end":{"line":11,"column":5}},"3":{"start":{"line":7,"column":20},"end":{"line":7,"column":108}},"4":{"start":{"line":8,"column":8},"end":{"line":8,"column":19}},"5":{"start":{"line":10,"column":8},"end":{"line":10,"column":51}},"6":{"start":{"line":16,"column":16},"end":{"line":23,"column":1}},"7":{"start":{"line":17,"column":4},"end":{"line":22,"column":5}},"8":{"start":{"line":18,"column":23},"end":{"line":18,"column":73}},"9":{"start":{"line":19,"column":8},"end":{"line":19,"column":22}},"10":{"start":{"line":21,"column":8},"end":{"line":21,"column":46}},"11":{"start":{"line":26,"column":19},"end":{"line":33,"column":1}},"12":{"start":{"line":27,"column":4},"end":{"line":32,"column":5}},"13":{"start":{"line":28,"column":23},"end":{"line":28,"column":82}},"14":{"start":{"line":29,"column":8},"end":{"line":29,"column":22}},"15":{"start":{"line":31,"column":8},"end":{"line":31,"column":49}},"16":{"start":{"line":37,"column":4},"end":{"line":42,"column":5}},"17":{"start":{"line":38,"column":24},"end":{"line":38,"column":90}},"18":{"start":{"line":39,"column":8},"end":{"line":39,"column":23}},"19":{"start":{"line":41,"column":8},"end":{"line":41,"column":20}},"20":{"start":{"line":46,"column":27},"end":{"line":53,"column":1}},"21":{"start":{"line":47,"column":4},"end":{"line":52,"column":5}},"22":{"start":{"line":48,"column":23},"end":{"line":48,"column":132}},"23":{"start":{"line":49,"column":8},"end":{"line":49,"column":22}},"24":{"start":{"line":51,"column":8},"end":{"line":51,"column":57}},"25":{"start":{"line":56,"column":20},"end":{"line":64,"column":1}},"26":{"start":{"line":57,"column":4},"end":{"line":63,"column":5}},"27":{"start":{"line":58,"column":23},"end":{"line":58,"column":118}},"28":{"start":{"line":59,"column":8},"end":{"line":59,"column":37}},"29":{"start":{"line":60,"column":8},"end":{"line":60,"column":22}},"30":{"start":{"line":62,"column":8},"end":{"line":62,"column":50}},"31":{"start":{"line":67,"column":23},"end":{"line":74,"column":1}},"32":{"start":{"line":68,"column":4},"end":{"line":73,"column":5}},"33":{"start":{"line":69,"column":23},"end":{"line":69,"column":124}},"34":{"start":{"line":70,"column":8},"end":{"line":70,"column":22}},"35":{"start":{"line":72,"column":8},"end":{"line":72,"column":53}},"36":{"start":{"line":78,"column":20},"end":{"line":85,"column":1}},"37":{"start":{"line":79,"column":4},"end":{"line":84,"column":5}},"38":{"start":{"line":80,"column":23},"end":{"line":80,"column":118}},"39":{"start":{"line":81,"column":8},"end":{"line":81,"column":22}},"40":{"start":{"line":83,"column":8},"end":{"line":83,"column":50}},"41":{"start":{"line":90,"column":17},"end":{"line":97,"column":1}},"42":{"start":{"line":91,"column":4},"end":{"line":96,"column":5}},"43":{"start":{"line":92,"column":23},"end":{"line":92,"column":72}},"44":{"start":{"line":93,"column":8},"end":{"line":93,"column":22}},"45":{"start":{"line":95,"column":8},"end":{"line":95,"column":47}},"46":{"start":{"line":100,"column":20},"end":{"line":108,"column":1}},"47":{"start":{"line":101,"column":4},"end":{"line":107,"column":5}},"48":{"start":{"line":102,"column":23},"end":{"line":102,"column":76}},"49":{"start":{"line":103,"column":8},"end":{"line":103,"column":37}},"50":{"start":{"line":104,"column":8},"end":{"line":104,"column":22}},"51":{"start":{"line":106,"column":8},"end":{"line":106,"column":50}},"52":{"start":{"line":112,"column":4},"end":{"line":117,"column":5}},"53":{"start":{"line":113,"column":24},"end":{"line":113,"column":72}},"54":{"start":{"line":114,"column":8},"end":{"line":114,"column":23}},"55":{"start":{"line":116,"column":8},"end":{"line":116,"column":66}},"56":{"start":{"line":121,"column":4},"end":{"line":126,"column":5}},"57":{"start":{"line":122,"column":24},"end":{"line":122,"column":82}},"58":{"start":{"line":123,"column":8},"end":{"line":123,"column":23}},"59":{"start":{"line":125,"column":8},"end":{"line":125,"column":20}},"60":{"start":{"line":130,"column":4},"end":{"line":136,"column":5}},"61":{"start":{"line":132,"column":24},"end":{"line":132,"column":85}},"62":{"start":{"line":133,"column":8},"end":{"line":133,"column":23}},"63":{"start":{"line":135,"column":8},"end":{"line":135,"column":64}},"64":{"start":{"line":140,"column":4},"end":{"line":164,"column":5}},"65":{"start":{"line":141,"column":22},"end":{"line":141,"column":52}},"66":{"start":{"line":142,"column":8},"end":{"line":160,"column":9}},"67":{"start":{"line":143,"column":26},"end":{"line":143,"column":34}},"68":{"start":{"line":144,"column":27},"end":{"line":144,"column":29}},"69":{"start":{"line":145,"column":12},"end":{"line":157,"column":13}},"70":{"start":{"line":146,"column":16},"end":{"line":146,"column":38}},"71":{"start":{"line":147,"column":19},"end":{"line":157,"column":13}},"72":{"start":{"line":148,"column":16},"end":{"line":148,"column":38}},"73":{"start":{"line":149,"column":19},"end":{"line":157,"column":13}},"74":{"start":{"line":150,"column":16},"end":{"line":150,"column":38}},"75":{"start":{"line":152,"column":16},"end":{"line":152,"column":36}},"76":{"start":{"line":153,"column":16},"end":{"line":155,"column":17}},"77":{"start":{"line":154,"column":20},"end":{"line":154,"column":52}},"78":{"start":{"line":156,"column":16},"end":{"line":156,"column":44}},"79":{"start":{"line":158,"column":12},"end":{"line":158,"column":100}},"80":{"start":{"line":163,"column":8},"end":{"line":163,"column":25}},"81":{"start":{"line":170,"column":19},"end":{"line":177,"column":1}},"82":{"start":{"line":171,"column":4},"end":{"line":176,"column":5}},"83":{"start":{"line":172,"column":23},"end":{"line":172,"column":108}},"84":{"start":{"line":173,"column":8},"end":{"line":173,"column":22}},"85":{"start":{"line":175,"column":8},"end":{"line":175,"column":58}},"86":{"start":{"line":180,"column":19},"end":{"line":187,"column":1}},"87":{"start":{"line":181,"column":4},"end":{"line":186,"column":5}},"88":{"start":{"line":182,"column":23},"end":{"line":182,"column":108}},"89":{"start":{"line":183,"column":8},"end":{"line":183,"column":22}},"90":{"start":{"line":185,"column":8},"end":{"line":185,"column":58}},"91":{"start":{"line":190,"column":23},"end":{"line":197,"column":1}},"92":{"start":{"line":191,"column":4},"end":{"line":196,"column":5}},"93":{"start":{"line":192,"column":23},"end":{"line":192,"column":116}},"94":{"start":{"line":193,"column":8},"end":{"line":193,"column":22}},"95":{"start":{"line":195,"column":8},"end":{"line":195,"column":62}},"96":{"start":{"line":200,"column":26},"end":{"line":207,"column":1}},"97":{"start":{"line":201,"column":4},"end":{"line":206,"column":5}},"98":{"start":{"line":202,"column":23},"end":{"line":202,"column":122}},"99":{"start":{"line":203,"column":8},"end":{"line":203,"column":22}},"100":{"start":{"line":205,"column":8},"end":{"line":205,"column":73}},"101":{"start":{"line":210,"column":21},"end":{"line":217,"column":1}},"102":{"start":{"line":211,"column":4},"end":{"line":216,"column":5}},"103":{"start":{"line":212,"column":23},"end":{"line":212,"column":112}},"104":{"start":{"line":213,"column":8},"end":{"line":213,"column":22}},"105":{"start":{"line":215,"column":8},"end":{"line":215,"column":67}},"106":{"start":{"line":219,"column":0},"end":{"line":221,"column":92}}},"fnMap":{"0":{"name":"(anonymous_0)","decl":{"start":{"line":5,"column":16},"end":{"line":5,"column":17}},"loc":{"start":{"line":5,"column":31},"end":{"line":12,"column":1}},"line":5},"1":{"name":"(anonymous_1)","decl":{"start":{"line":16,"column":16},"end":{"line":16,"column":17}},"loc":{"start":{"line":16,"column":39},"end":{"line":23,"column":1}},"line":16},"2":{"name":"(anonymous_2)","decl":{"start":{"line":26,"column":19},"end":{"line":26,"column":20}},"loc":{"start":{"line":26,"column":39},"end":{"line":33,"column":1}},"line":26},"3":{"name":"getUser","decl":{"start":{"line":36,"column":15},"end":{"line":36,"column":22}},"loc":{"start":{"line":36,"column":32},"end":{"line":43,"column":1}},"line":36},"4":{"name":"(anonymous_4)","decl":{"start":{"line":46,"column":27},"end":{"line":46,"column":28}},"loc":{"start":{"line":46,"column":47},"end":{"line":53,"column":1}},"line":46},"5":{"name":"(anonymous_5)","decl":{"start":{"line":56,"column":20},"end":{"line":56,"column":21}},"loc":{"start":{"line":56,"column":40},"end":{"line":64,"column":1}},"line":56},"6":{"name":"(anonymous_6)","decl":{"start":{"line":67,"column":23},"end":{"line":67,"column":24}},"loc":{"start":{"line":67,"column":43},"end":{"line":74,"column":1}},"line":67},"7":{"name":"(anonymous_7)","decl":{"start":{"line":78,"column":20},"end":{"line":78,"column":21}},"loc":{"start":{"line":78,"column":40},"end":{"line":85,"column":1}},"line":78},"8":{"name":"(anonymous_8)","decl":{"start":{"line":90,"column":17},"end":{"line":90,"column":18}},"loc":{"start":{"line":90,"column":41},"end":{"line":97,"column":1}},"line":90},"9":{"name":"(anonymous_9)","decl":{"start":{"line":100,"column":20},"end":{"line":100,"column":21}},"loc":{"start":{"line":100,"column":40},"end":{"line":108,"column":1}},"line":100},"10":{"name":"getAllEvents","decl":{"start":{"line":111,"column":15},"end":{"line":111,"column":27}},"loc":{"start":{"line":111,"column":31},"end":{"line":118,"column":1}},"line":111},"11":{"name":"getEvent","decl":{"start":{"line":120,"column":15},"end":{"line":120,"column":23}},"loc":{"start":{"line":120,"column":33},"end":{"line":127,"column":1}},"line":120},"12":{"name":"getMyEvents","decl":{"start":{"line":129,"column":15},"end":{"line":129,"column":26}},"loc":{"start":{"line":129,"column":36},"end":{"line":137,"column":1}},"line":129},"13":{"name":"signUp","decl":{"start":{"line":139,"column":15},"end":{"line":139,"column":21}},"loc":{"start":{"line":139,"column":47},"end":{"line":165,"column":1}},"line":139},"14":{"name":"(anonymous_14)","decl":{"start":{"line":170,"column":19},"end":{"line":170,"column":20}},"loc":{"start":{"line":170,"column":40},"end":{"line":177,"column":1}},"line":170},"15":{"name":"(anonymous_15)","decl":{"start":{"line":180,"column":19},"end":{"line":180,"column":20}},"loc":{"start":{"line":180,"column":40},"end":{"line":187,"column":1}},"line":180},"16":{"name":"(anonymous_16)","decl":{"start":{"line":190,"column":23},"end":{"line":190,"column":24}},"loc":{"start":{"line":190,"column":44},"end":{"line":197,"column":1}},"line":190},"17":{"name":"(anonymous_17)","decl":{"start":{"line":200,"column":26},"end":{"line":200,"column":27}},"loc":{"start":{"line":200,"column":47},"end":{"line":207,"column":1}},"line":200},"18":{"name":"(anonymous_18)","decl":{"start":{"line":210,"column":21},"end":{"line":210,"column":22}},"loc":{"start":{"line":210,"column":42},"end":{"line":217,"column":1}},"line":210}},"branchMap":{"0":{"loc":{"start":{"line":142,"column":8},"end":{"line":160,"column":9}},"type":"if","locations":[{"start":{"line":142,"column":8},"end":{"line":160,"column":9}},{"start":{},"end":{}}],"line":142},"1":{"loc":{"start":{"line":145,"column":12},"end":{"line":157,"column":13}},"type":"if","locations":[{"start":{"line":145,"column":12},"end":{"line":157,"column":13}},{"start":{"line":147,"column":19},"end":{"line":157,"column":13}}],"line":145},"2":{"loc":{"start":{"line":147,"column":19},"end":{"line":157,"column":13}},"type":"if","locations":[{"start":{"line":147,"column":19},"end":{"line":157,"column":13}},{"start":{"line":149,"column":19},"end":{"line":157,"column":13}}],"line":147},"3":{"loc":{"start":{"line":149,"column":19},"end":{"line":157,"column":13}},"type":"if","locations":[{"start":{"line":149,"column":19},"end":{"line":157,"column":13}},{"start":{"line":151,"column":19},"end":{"line":157,"column":13}}],"line":149},"4":{"loc":{"start":{"line":153,"column":16},"end":{"line":155,"column":17}},"type":"if","locations":[{"start":{"line":153,"column":16},"end":{"line":155,"column":17}},{"start":{},"end":{}}],"line":153}},"s":{"0":2,"1":2,"2":22,"3":22,"4":21,"5":1,"6":2,"7":11,"8":11,"9":10,"10":1,"11":2,"12":1,"13":1,"14":1,"15":0,"16":4,"17":4,"18":4,"19":0,"20":2,"21":1,"22":1,"23":1,"24":0,"25":2,"26":1,"27":1,"28":1,"29":1,"30":0,"31":2,"32":1,"33":1,"34":1,"35":0,"36":2,"37":1,"38":1,"39":1,"40":0,"41":2,"42":15,"43":15,"44":14,"45":1,"46":2,"47":1,"48":1,"49":1,"50":1,"51":0,"52":2,"53":2,"54":2,"55":0,"56":7,"57":7,"58":7,"59":0,"60":2,"61":2,"62":2,"63":0,"64":1,"65":1,"66":1,"67":0,"68":0,"69":0,"70":0,"71":0,"72":0,"73":0,"74":0,"75":0,"76":0,"77":0,"78":0,"79":0,"80":0,"81":2,"82":1,"83":1,"84":1,"85":0,"86":2,"87":1,"88":1,"89":1,"90":0,"91":2,"92":1,"93":1,"94":1,"95":0,"96":2,"97":1,"98":1,"99":1,"100":0,"101":2,"102":1,"103":1,"104":1,"105":0,"106":2},"f":{"0":22,"1":11,"2":1,"3":4,"4":1,"5":1,"6":1,"7":1,"8":15,"9":1,"10":2,"11":7,"12":2,"13":1,"14":1,"15":1,"16":1,"17":1,"18":1},"b":{"0":[0,1],"1":[0,0],"2":[0,0],"3":[0,0],"4":[0,0]},"_coverageSchema":"1a1c01bbd47fc00a2c39e90264f33305004495a9","hash":"1149936022f01470e9aec179c1688de57b43cd93"}
}
