TN:
SF:server.js
FN:30,(anonymous_0)
FN:41,(anonymous_1)
FN:59,(anonymous_2)
FN:69,(anonymous_3)
FN:82,(anonymous_4)
FN:89,(anonymous_5)
FN:93,(anonymous_6)
FN:111,(anonymous_7)
FN:129,(anonymous_8)
FN:139,(anonymous_9)
FN:158,(anonymous_10)
FN:177,(anonymous_11)
FN:196,(anonymous_12)
FN:206,(anonymous_13)
FN:237,(anonymous_14)
FN:254,(anonymous_15)
FN:305,(anonymous_16)
FN:350,(anonymous_17)
FN:356,(anonymous_18)
FN:362,(anonymous_19)
FNF:20
FNH:10
FNDA:12,(anonymous_0)
FNDA:0,(anonymous_1)
FNDA:0,(anonymous_2)
FNDA:0,(anonymous_3)
FNDA:0,(anonymous_4)
FNDA:0,(anonymous_5)
FNDA:0,(anonymous_6)
FNDA:2,(anonymous_7)
FNDA:1,(anonymous_8)
FNDA:2,(anonymous_9)
FNDA:1,(anonymous_10)
FNDA:2,(anonymous_11)
FNDA:1,(anonymous_12)
FNDA:1,(anonymous_13)
FNDA:2,(anonymous_14)
FNDA:0,(anonymous_15)
FNDA:0,(anonymous_16)
FNDA:0,(anonymous_17)
FNDA:0,(anonymous_18)
FNDA:1,(anonymous_19)
DA:1,1
DA:2,1
DA:3,1
DA:4,1
DA:9,1
DA:11,1
DA:14,1
DA:17,1
DA:19,1
DA:20,1
DA:24,1
DA:30,1
DA:31,12
DA:32,12
DA:33,12
DA:37,1
DA:39,1
DA:41,1
DA:43,0
DA:44,0
DA:45,0
DA:48,0
DA:50,0
DA:54,0
DA:55,0
DA:59,1
DA:61,0
DA:62,0
DA:63,0
DA:66,0
DA:69,0
DA:70,0
DA:73,0
DA:74,0
DA:75,0
DA:78,0
DA:82,1
DA:83,0
DA:84,0
DA:89,1
DA:90,0
DA:93,1
DA:94,0
DA:95,0
DA:96,0
DA:98,0
DA:103,0
DA:111,1
DA:112,2
DA:113,1
DA:117,1
DA:118,1
DA:121,1
DA:123,0
DA:129,1
DA:130,1
DA:131,1
DA:132,1
DA:134,0
DA:139,1
DA:142,2
DA:143,0
DA:144,2
DA:145,2
DA:147,0
DA:148,0
DA:149,0
DA:151,0
DA:158,1
DA:160,1
DA:161,1
DA:162,1
DA:163,0
DA:165,1
DA:166,1
DA:169,1
DA:171,0
DA:177,1
DA:179,2
DA:180,1
DA:181,1
DA:182,1
DA:184,0
DA:187,1
DA:188,1
DA:189,1
DA:191,0
DA:196,1
DA:197,1
DA:198,1
DA:199,1
DA:200,1
DA:202,0
DA:206,1
DA:207,1
DA:208,1
DA:209,1
DA:210,1
DA:211,1
DA:213,0
DA:237,1
DA:239,2
DA:240,0
DA:241,2
DA:242,2
DA:244,0
DA:245,0
DA:246,0
DA:248,0
DA:254,1
DA:258,0
DA:259,0
DA:260,0
DA:261,0
DA:263,0
DA:267,0
DA:268,0
DA:269,0
DA:270,0
DA:272,0
DA:276,0
DA:277,0
DA:278,0
DA:279,0
DA:281,0
DA:285,0
DA:286,0
DA:287,0
DA:288,0
DA:290,0
DA:294,0
DA:295,0
DA:296,0
DA:297,0
DA:299,0
DA:305,1
DA:309,0
DA:310,0
DA:311,0
DA:312,0
DA:313,0
DA:314,0
DA:315,0
DA:317,0
DA:321,0
DA:322,0
DA:323,0
DA:324,0
DA:326,0
DA:330,0
DA:331,0
DA:332,0
DA:333,0
DA:335,0
DA:339,0
DA:340,0
DA:341,0
DA:342,0
DA:344,0
DA:350,1
DA:351,0
DA:356,1
DA:357,0
DA:360,1
DA:362,1
DA:363,1
DA:364,1
DA:369,1
LF:168
LH:75
BRDA:43,0,0,0
BRDA:43,0,1,0
BRDA:43,1,0,0
BRDA:43,1,1,0
BRDA:61,2,0,0
BRDA:61,2,1,0
BRDA:61,3,0,0
BRDA:61,3,1,0
BRDA:70,4,0,0
BRDA:70,4,1,0
BRDA:73,5,0,0
BRDA:73,5,1,0
BRDA:94,6,0,0
BRDA:94,6,1,0
BRDA:94,7,0,0
BRDA:94,7,1,0
BRDA:94,7,2,0
BRDA:112,8,0,1
BRDA:112,8,1,1
BRDA:112,9,0,2
BRDA:112,9,1,1
BRDA:142,10,0,0
BRDA:142,10,1,2
BRDA:142,11,0,2
BRDA:142,11,1,2
BRDA:144,12,0,2
BRDA:144,12,1,0
BRDA:162,13,0,0
BRDA:162,13,1,1
BRDA:179,14,0,1
BRDA:179,14,1,1
BRDA:239,15,0,0
BRDA:239,15,1,2
BRDA:239,16,0,2
BRDA:239,16,1,2
BRDA:241,17,0,2
BRDA:241,17,1,0
BRDA:258,18,0,0
BRDA:258,18,1,0
BRDA:267,19,0,0
BRDA:267,19,1,0
BRDA:276,20,0,0
BRDA:276,20,1,0
BRDA:285,21,0,0
BRDA:285,21,1,0
BRDA:294,22,0,0
BRDA:294,22,1,0
BRDA:312,23,0,0
BRDA:312,23,1,0
BRDA:321,24,0,0
BRDA:321,24,1,0
BRDA:330,25,0,0
BRDA:330,25,1,0
BRDA:339,26,0,0
BRDA:339,26,1,0
BRDA:360,27,0,1
BRDA:360,27,1,1
BRF:57
BRH:17
end_of_record
TN:
SF:web-app\dbOperations.js
FN:5,(anonymous_0)
FN:16,(anonymous_1)
FN:26,(anonymous_2)
FN:36,getUser
FN:46,(anonymous_4)
FN:56,(anonymous_5)
FN:67,(anonymous_6)
FN:78,(anonymous_7)
FN:90,(anonymous_8)
FN:100,(anonymous_9)
FN:111,getAllEvents
FN:120,getEvent
FN:129,getMyEvents
FN:139,signUp
FN:170,(anonymous_14)
FN:180,(anonymous_15)
FN:190,(anonymous_16)
FN:200,(anonymous_17)
FN:210,(anonymous_18)
FNF:19
FNH:19
FNDA:22,(anonymous_0)
FNDA:11,(anonymous_1)
FNDA:1,(anonymous_2)
FNDA:4,getUser
FNDA:1,(anonymous_4)
FNDA:1,(anonymous_5)
FNDA:1,(anonymous_6)
FNDA:1,(anonymous_7)
FNDA:15,(anonymous_8)
FNDA:1,(anonymous_9)
FNDA:2,getAllEvents
FNDA:7,getEvent
FNDA:2,getMyEvents
FNDA:1,signUp
FNDA:1,(anonymous_14)
FNDA:1,(anonymous_15)
FNDA:1,(anonymous_16)
FNDA:1,(anonymous_17)
FNDA:1,(anonymous_18)
DA:2,2
DA:5,2
DA:6,22
DA:7,22
DA:8,21
DA:10,1
DA:16,2
DA:17,11
DA:18,11
DA:19,10
DA:21,1
DA:26,2
DA:27,1
DA:28,1
DA:29,1
DA:31,0
DA:37,4
DA:38,4
DA:39,4
DA:41,0
DA:46,2
DA:47,1
DA:48,1
DA:49,1
DA:51,0
DA:56,2
DA:57,1
DA:58,1
DA:59,1
DA:60,1
DA:62,0
DA:67,2
DA:68,1
DA:69,1
DA:70,1
DA:72,0
DA:78,2
DA:79,1
DA:80,1
DA:81,1
DA:83,0
DA:90,2
DA:91,15
DA:92,15
DA:93,14
DA:95,1
DA:100,2
DA:101,1
DA:102,1
DA:103,1
DA:104,1
DA:106,0
DA:112,2
DA:113,2
DA:114,2
DA:116,0
DA:121,7
DA:122,7
DA:123,7
DA:125,0
DA:130,2
DA:132,2
DA:133,2
DA:135,0
DA:140,1
DA:141,1
DA:142,1
DA:143,0
DA:144,0
DA:145,0
DA:146,0
DA:147,0
DA:148,0
DA:149,0
DA:150,0
DA:152,0
DA:153,0
DA:154,0
DA:156,0
DA:158,0
DA:163,0
DA:170,2
DA:171,1
DA:172,1
DA:173,1
DA:175,0
DA:180,2
DA:181,1
DA:182,1
DA:183,1
DA:185,0
DA:190,2
DA:191,1
DA:192,1
DA:193,1
DA:195,0
DA:200,2
DA:201,1
DA:202,1
DA:203,1
DA:205,0
DA:210,2
DA:211,1
DA:212,1
DA:213,1
DA:215,0
DA:219,2
LF:107
LH:78
BRDA:142,0,0,0
BRDA:142,0,1,1
BRDA:145,1,0,0
BRDA:145,1,1,0
BRDA:147,2,0,0
BRDA:147,2,1,0
BRDA:149,3,0,0
BRDA:149,3,1,0
BRDA:153,4,0,0
BRDA:153,4,1,0
BRF:10
BRH:1
end_of_record
