TN:
SF:server.js
FN:24,(anonymous_0)
FN:35,(anonymous_1)
FN:53,(anonymous_2)
FN:63,(anonymous_3)
FN:76,(anonymous_4)
FN:83,(anonymous_5)
FN:87,(anonymous_6)
FN:102,(anonymous_7)
FN:108,(anonymous_8)
FN:126,(anonymous_9)
FN:136,(anonymous_10)
FN:155,(anonymous_11)
FN:174,(anonymous_12)
FN:193,(anonymous_13)
FN:203,(anonymous_14)
FN:234,(anonymous_15)
FN:251,(anonymous_16)
FN:302,(anonymous_17)
FN:347,(anonymous_18)
FN:353,(anonymous_19)
FNF:20
FNH:10
FNDA:12,(anonymous_0)
FNDA:0,(anonymous_1)
FNDA:0,(anonymous_2)
FNDA:0,(anonymous_3)
FNDA:0,(anonymous_4)
FNDA:0,(anonymous_5)
FNDA:0,(anonymous_6)
FNDA:0,(anonymous_7)
FNDA:2,(anonymous_8)
FNDA:1,(anonymous_9)
FNDA:2,(anonymous_10)
FNDA:1,(anonymous_11)
FNDA:2,(anonymous_12)
FNDA:1,(anonymous_13)
FNDA:1,(anonymous_14)
FNDA:2,(anonymous_15)
FNDA:0,(anonymous_16)
FNDA:0,(anonymous_17)
FNDA:0,(anonymous_18)
FNDA:1,(anonymous_19)
DA:1,1
DA:2,1
DA:3,1
DA:4,1
DA:9,1
DA:11,1
DA:13,1
DA:14,1
DA:18,1
DA:24,1
DA:25,12
DA:26,12
DA:27,12
DA:31,1
DA:33,1
DA:35,1
DA:37,0
DA:38,0
DA:39,0
DA:42,0
DA:44,0
DA:48,0
DA:49,0
DA:53,1
DA:55,0
DA:56,0
DA:57,0
DA:60,0
DA:63,0
DA:64,0
DA:67,0
DA:68,0
DA:69,0
DA:72,0
DA:76,1
DA:77,0
DA:78,0
DA:83,1
DA:84,0
DA:87,1
DA:88,0
DA:89,0
DA:90,0
DA:92,0
DA:97,0
DA:102,1
DA:103,0
DA:108,1
DA:109,2
DA:110,1
DA:114,1
DA:115,1
DA:118,1
DA:120,0
DA:126,1
DA:127,1
DA:128,1
DA:129,1
DA:131,0
DA:136,1
DA:139,2
DA:140,0
DA:141,2
DA:142,2
DA:144,0
DA:145,0
DA:146,0
DA:148,0
DA:155,1
DA:157,1
DA:158,1
DA:159,1
DA:160,0
DA:162,1
DA:163,1
DA:166,1
DA:168,0
DA:174,1
DA:176,2
DA:177,1
DA:178,1
DA:179,1
DA:181,0
DA:184,1
DA:185,1
DA:186,1
DA:188,0
DA:193,1
DA:194,1
DA:195,1
DA:196,1
DA:197,1
DA:199,0
DA:203,1
DA:204,1
DA:205,1
DA:206,1
DA:207,1
DA:208,1
DA:210,0
DA:234,1
DA:236,2
DA:237,0
DA:238,2
DA:239,2
DA:241,0
DA:242,0
DA:243,0
DA:245,0
DA:251,1
DA:255,0
DA:256,0
DA:257,0
DA:258,0
DA:260,0
DA:264,0
DA:265,0
DA:266,0
DA:267,0
DA:269,0
DA:273,0
DA:274,0
DA:275,0
DA:276,0
DA:278,0
DA:282,0
DA:283,0
DA:284,0
DA:285,0
DA:287,0
DA:291,0
DA:292,0
DA:293,0
DA:294,0
DA:296,0
DA:302,1
DA:306,0
DA:307,0
DA:308,0
DA:309,0
DA:310,0
DA:311,0
DA:312,0
DA:314,0
DA:318,0
DA:319,0
DA:320,0
DA:321,0
DA:323,0
DA:327,0
DA:328,0
DA:329,0
DA:330,0
DA:332,0
DA:336,0
DA:337,0
DA:338,0
DA:339,0
DA:341,0
DA:347,1
DA:348,0
DA:351,1
DA:353,1
DA:354,1
DA:355,1
DA:358,1
LF:166
LH:73
BRDA:37,0,0,0
BRDA:37,0,1,0
BRDA:37,1,0,0
BRDA:37,1,1,0
BRDA:55,2,0,0
BRDA:55,2,1,0
BRDA:55,3,0,0
BRDA:55,3,1,0
BRDA:64,4,0,0
BRDA:64,4,1,0
BRDA:67,5,0,0
BRDA:67,5,1,0
BRDA:88,6,0,0
BRDA:88,6,1,0
BRDA:88,7,0,0
BRDA:88,7,1,0
BRDA:88,7,2,0
BRDA:109,8,0,1
BRDA:109,8,1,1
BRDA:109,9,0,2
BRDA:109,9,1,1
BRDA:139,10,0,0
BRDA:139,10,1,2
BRDA:139,11,0,2
BRDA:139,11,1,2
BRDA:141,12,0,2
BRDA:141,12,1,0
BRDA:159,13,0,0
BRDA:159,13,1,1
BRDA:176,14,0,1
BRDA:176,14,1,1
BRDA:236,15,0,0
BRDA:236,15,1,2
BRDA:236,16,0,2
BRDA:236,16,1,2
BRDA:238,17,0,2
BRDA:238,17,1,0
BRDA:255,18,0,0
BRDA:255,18,1,0
BRDA:264,19,0,0
BRDA:264,19,1,0
BRDA:273,20,0,0
BRDA:273,20,1,0
BRDA:282,21,0,0
BRDA:282,21,1,0
BRDA:291,22,0,0
BRDA:291,22,1,0
BRDA:309,23,0,0
BRDA:309,23,1,0
BRDA:318,24,0,0
BRDA:318,24,1,0
BRDA:327,25,0,0
BRDA:327,25,1,0
BRDA:336,26,0,0
BRDA:336,26,1,0
BRF:55
BRH:15
end_of_record
TN:
SF:web-app\dbOperations.js
FN:5,(anonymous_0)
FN:16,(anonymous_1)
FN:26,(anonymous_2)
FN:36,getUser
FN:46,(anonymous_4)
FN:56,(anonymous_5)
FN:67,(anonymous_6)
FN:78,(anonymous_7)
FN:90,(anonymous_8)
FN:100,(anonymous_9)
FN:111,getAllEvents
FN:120,getEvent
FN:129,getMyEvents
FN:139,signUp
FN:168,(anonymous_14)
FN:178,(anonymous_15)
FN:188,(anonymous_16)
FN:198,(anonymous_17)
FN:208,(anonymous_18)
FNF:19
FNH:19
FNDA:22,(anonymous_0)
FNDA:11,(anonymous_1)
FNDA:1,(anonymous_2)
FNDA:4,getUser
FNDA:1,(anonymous_4)
FNDA:1,(anonymous_5)
FNDA:1,(anonymous_6)
FNDA:1,(anonymous_7)
FNDA:15,(anonymous_8)
FNDA:1,(anonymous_9)
FNDA:2,getAllEvents
FNDA:7,getEvent
FNDA:2,getMyEvents
FNDA:1,signUp
FNDA:1,(anonymous_14)
FNDA:1,(anonymous_15)
FNDA:1,(anonymous_16)
FNDA:1,(anonymous_17)
FNDA:1,(anonymous_18)
DA:2,2
DA:5,2
DA:6,22
DA:7,22
DA:8,21
DA:10,1
DA:16,2
DA:17,11
DA:18,11
DA:19,10
DA:21,1
DA:26,2
DA:27,1
DA:28,1
DA:29,1
DA:31,0
DA:37,4
DA:38,4
DA:39,4
DA:41,0
DA:46,2
DA:47,1
DA:48,1
DA:49,1
DA:51,0
DA:56,2
DA:57,1
DA:58,1
DA:59,1
DA:60,1
DA:62,0
DA:67,2
DA:68,1
DA:69,1
DA:70,1
DA:72,0
DA:78,2
DA:79,1
DA:80,1
DA:81,1
DA:83,0
DA:90,2
DA:91,15
DA:92,15
DA:93,14
DA:95,1
DA:100,2
DA:101,1
DA:102,1
DA:103,1
DA:104,1
DA:106,0
DA:112,2
DA:113,2
DA:114,2
DA:116,0
DA:121,7
DA:122,7
DA:123,7
DA:125,0
DA:130,2
DA:132,2
DA:133,2
DA:135,0
DA:140,1
DA:141,1
DA:142,1
DA:143,0
DA:144,0
DA:145,0
DA:146,0
DA:147,0
DA:148,0
DA:150,0
DA:151,0
DA:153,0
DA:156,0
DA:161,0
DA:168,2
DA:169,1
DA:170,1
DA:171,1
DA:173,0
DA:178,2
DA:179,1
DA:180,1
DA:181,1
DA:183,0
DA:188,2
DA:189,1
DA:190,1
DA:191,1
DA:193,0
DA:198,2
DA:199,1
DA:200,1
DA:201,1
DA:203,0
DA:208,2
DA:209,1
DA:210,1
DA:211,1
DA:213,0
DA:217,2
LF:104
LH:78
BRDA:142,0,0,0
BRDA:142,0,1,1
BRDA:145,1,0,0
BRDA:145,1,1,0
BRDA:147,2,0,0
BRDA:147,2,1,0
BRDA:150,3,0,0
BRDA:150,3,1,0
BRF:8
BRH:1
end_of_record
